{"C:\\Users\\HP\\OneDrive\\Desktop\\ClayBlossom\\ClayBlossoms\\backend\\app.js": {"path":"C:\\Users\\HP\\OneDrive\\Desktop\\ClayBlossom\\ClayBlossoms\\backend\\app.js","statementMap":{"0":{"start":{"line":1,"column":16},"end":{"line":1,"column":34}},"1":{"start":{"line":2,"column":13},"end":{"line":2,"column":28}},"2":{"start":{"line":3,"column":15},"end":{"line":3,"column":32}},"3":{"start":{"line":4,"column":15},"end":{"line":4,"column":32}},"4":{"start":{"line":5,"column":18},"end":{"line":5,"column":47}},"5":{"start":{"line":6,"column":22},"end":{"line":6,"column":55}},"6":{"start":{"line":7,"column":12},"end":{"line":7,"column":32}},"7":{"start":{"line":8,"column":12},"end":{"line":8,"column":26}},"8":{"start":{"line":9,"column":20},"end":{"line":9,"column":42}},"9":{"start":{"line":10,"column":21},"end":{"line":10,"column":45}},"10":{"start":{"line":11,"column":13},"end":{"line":11,"column":28}},"11":{"start":{"line":13,"column":17},"end":{"line":13,"column":44}},"12":{"start":{"line":14,"column":21},"end":{"line":14,"column":58}},"13":{"start":{"line":17,"column":22},"end":{"line":17,"column":50}},"14":{"start":{"line":18,"column":19},"end":{"line":18,"column":44}},"15":{"start":{"line":19,"column":20},"end":{"line":19,"column":46}},"16":{"start":{"line":20,"column":21},"end":{"line":20,"column":47}},"17":{"start":{"line":22,"column":12},"end":{"line":22,"column":21}},"18":{"start":{"line":25,"column":0},"end":{"line":25,"column":18}},"19":{"start":{"line":26,"column":0},"end":{"line":26,"column":25}},"20":{"start":{"line":27,"column":0},"end":{"line":27,"column":15}},"21":{"start":{"line":28,"column":0},"end":{"line":28,"column":15}},"22":{"start":{"line":31,"column":16},"end":{"line":34,"column":2}},"23":{"start":{"line":35,"column":0},"end":{"line":35,"column":25}},"24":{"start":{"line":38,"column":0},"end":{"line":38,"column":24}},"25":{"start":{"line":39,"column":0},"end":{"line":39,"column":48}},"26":{"start":{"line":40,"column":0},"end":{"line":40,"column":24}},"27":{"start":{"line":43,"column":0},"end":{"line":46,"column":4}},"28":{"start":{"line":49,"column":0},"end":{"line":51,"column":1}},"29":{"start":{"line":50,"column":2},"end":{"line":50,"column":25}},"30":{"start":{"line":54,"column":0},"end":{"line":54,"column":23}},"31":{"start":{"line":57,"column":0},"end":{"line":57,"column":69}},"32":{"start":{"line":60,"column":0},"end":{"line":60,"column":40}},"33":{"start":{"line":61,"column":0},"end":{"line":61,"column":34}},"34":{"start":{"line":62,"column":0},"end":{"line":62,"column":36}},"35":{"start":{"line":63,"column":0},"end":{"line":63,"column":37}},"36":{"start":{"line":66,"column":0},"end":{"line":68,"column":3}},"37":{"start":{"line":67,"column":2},"end":{"line":67,"column":41}},"38":{"start":{"line":71,"column":0},"end":{"line":73,"column":3}},"39":{"start":{"line":72,"column":2},"end":{"line":72,"column":75}},"40":{"start":{"line":76,"column":0},"end":{"line":76,"column":22}},"41":{"start":{"line":78,"column":0},"end":{"line":78,"column":21}}},"fnMap":{"0":{"name":"(anonymous_0)","decl":{"start":{"line":66,"column":23},"end":{"line":66,"column":24}},"loc":{"start":{"line":66,"column":37},"end":{"line":68,"column":1}},"line":66},"1":{"name":"(anonymous_1)","decl":{"start":{"line":71,"column":13},"end":{"line":71,"column":14}},"loc":{"start":{"line":71,"column":33},"end":{"line":73,"column":1}},"line":71}},"branchMap":{"0":{"loc":{"start":{"line":44,"column":10},"end":{"line":44,"column":61}},"type":"binary-expr","locations":[{"start":{"line":44,"column":10},"end":{"line":44,"column":34}},{"start":{"line":44,"column":38},"end":{"line":44,"column":61}}],"line":44},"1":{"loc":{"start":{"line":49,"column":0},"end":{"line":51,"column":1}},"type":"if","locations":[{"start":{"line":49,"column":0},"end":{"line":51,"column":1}},{"start":{},"end":{}}],"line":49}},"s":{"0":0,"1":0,"2":0,"3":0,"4":0,"5":0,"6":0,"7":0,"8":0,"9":0,"10":0,"11":0,"12":0,"13":0,"14":0,"15":0,"16":0,"17":0,"18":0,"19":0,"20":0,"21":0,"22":0,"23":0,"24":0,"25":0,"26":0,"27":0,"28":0,"29":0,"30":0,"31":0,"32":0,"33":0,"34":0,"35":0,"36":0,"37":0,"38":0,"39":0,"40":0,"41":0},"f":{"0":0,"1":0},"b":{"0":[0,0],"1":[0,0]}}
,"C:\\Users\\HP\\OneDrive\\Desktop\\ClayBlossom\\ClayBlossoms\\backend\\connection.js": {"path":"C:\\Users\\HP\\OneDrive\\Desktop\\ClayBlossom\\ClayBlossoms\\backend\\connection.js","statementMap":{"0":{"start":{"line":1,"column":0},"end":{"line":1,"column":27}},"1":{"start":{"line":2,"column":17},"end":{"line":2,"column":36}},"2":{"start":{"line":4,"column":12},"end":{"line":4,"column":30}},"3":{"start":{"line":7,"column":0},"end":{"line":13,"column":7}},"4":{"start":{"line":9,"column":8},"end":{"line":9,"column":43}},"5":{"start":{"line":12,"column":8},"end":{"line":12,"column":25}},"6":{"start":{"line":15,"column":0},"end":{"line":15,"column":26}}},"fnMap":{"0":{"name":"(anonymous_0)","decl":{"start":{"line":8,"column":10},"end":{"line":8,"column":11}},"loc":{"start":{"line":8,"column":22},"end":{"line":10,"column":5}},"line":8},"1":{"name":"(anonymous_1)","decl":{"start":{"line":11,"column":11},"end":{"line":11,"column":12}},"loc":{"start":{"line":11,"column":20},"end":{"line":13,"column":5}},"line":11}},"branchMap":{},"s":{"0":0,"1":0,"2":0,"3":0,"4":0,"5":0,"6":0},"f":{"0":0,"1":0},"b":{}}
,"C:\\Users\\HP\\OneDrive\\Desktop\\ClayBlossom\\ClayBlossoms\\backend\\index.js": {"path":"C:\\Users\\HP\\OneDrive\\Desktop\\ClayBlossom\\ClayBlossoms\\backend\\index.js","statementMap":{"0":{"start":{"line":2,"column":0},"end":{"line":2,"column":27}},"1":{"start":{"line":4,"column":16},"end":{"line":4,"column":34}},"2":{"start":{"line":5,"column":17},"end":{"line":5,"column":36}},"3":{"start":{"line":6,"column":19},"end":{"line":6,"column":50}},"4":{"start":{"line":7,"column":13},"end":{"line":7,"column":28}},"5":{"start":{"line":11,"column":12},"end":{"line":11,"column":21}},"6":{"start":{"line":12,"column":13},"end":{"line":12,"column":37}},"7":{"start":{"line":15,"column":0},"end":{"line":17,"column":58}},"8":{"start":{"line":16,"column":14},"end":{"line":16,"column":48}},"9":{"start":{"line":17,"column":18},"end":{"line":17,"column":56}},"10":{"start":{"line":20,"column":0},"end":{"line":20,"column":31}},"11":{"start":{"line":21,"column":0},"end":{"line":21,"column":24}},"12":{"start":{"line":24,"column":0},"end":{"line":24,"column":33}},"13":{"start":{"line":28,"column":0},"end":{"line":30,"column":3}},"14":{"start":{"line":29,"column":2},"end":{"line":29,"column":36}},"15":{"start":{"line":32,"column":0},"end":{"line":34,"column":3}},"16":{"start":{"line":33,"column":2},"end":{"line":33,"column":32}},"17":{"start":{"line":37,"column":0},"end":{"line":39,"column":3}},"18":{"start":{"line":38,"column":2},"end":{"line":38,"column":63}}},"fnMap":{"0":{"name":"(anonymous_0)","decl":{"start":{"line":16,"column":8},"end":{"line":16,"column":9}},"loc":{"start":{"line":16,"column":14},"end":{"line":16,"column":48}},"line":16},"1":{"name":"(anonymous_1)","decl":{"start":{"line":17,"column":9},"end":{"line":17,"column":10}},"loc":{"start":{"line":17,"column":18},"end":{"line":17,"column":56}},"line":17},"2":{"name":"(anonymous_2)","decl":{"start":{"line":28,"column":13},"end":{"line":28,"column":14}},"loc":{"start":{"line":28,"column":27},"end":{"line":30,"column":1}},"line":28},"3":{"name":"(anonymous_3)","decl":{"start":{"line":32,"column":16},"end":{"line":32,"column":17}},"loc":{"start":{"line":32,"column":30},"end":{"line":34,"column":1}},"line":32},"4":{"name":"(anonymous_4)","decl":{"start":{"line":37,"column":17},"end":{"line":37,"column":18}},"loc":{"start":{"line":37,"column":23},"end":{"line":39,"column":1}},"line":37}},"branchMap":{"0":{"loc":{"start":{"line":12,"column":13},"end":{"line":12,"column":37}},"type":"binary-expr","locations":[{"start":{"line":12,"column":13},"end":{"line":12,"column":29}},{"start":{"line":12,"column":33},"end":{"line":12,"column":37}}],"line":12}},"s":{"0":0,"1":0,"2":0,"3":0,"4":0,"5":0,"6":0,"7":0,"8":0,"9":0,"10":0,"11":0,"12":0,"13":0,"14":0,"15":0,"16":0,"17":0,"18":0},"f":{"0":0,"1":0,"2":0,"3":0,"4":0},"b":{"0":[0,0]}}
,"C:\\Users\\HP\\OneDrive\\Desktop\\ClayBlossom\\ClayBlossoms\\backend\\server.js": {"path":"C:\\Users\\HP\\OneDrive\\Desktop\\ClayBlossom\\ClayBlossoms\\backend\\server.js","statementMap":{"0":{"start":{"line":1,"column":16},"end":{"line":1,"column":34}},"1":{"start":{"line":2,"column":17},"end":{"line":2,"column":36}},"2":{"start":{"line":3,"column":13},"end":{"line":3,"column":28}},"3":{"start":{"line":4,"column":15},"end":{"line":4,"column":32}},"4":{"start":{"line":7,"column":0},"end":{"line":7,"column":16}},"5":{"start":{"line":10,"column":24},"end":{"line":10,"column":53}},"6":{"start":{"line":11,"column":23},"end":{"line":11,"column":77}},"7":{"start":{"line":11,"column":56},"end":{"line":11,"column":76}},"8":{"start":{"line":13,"column":0},"end":{"line":16,"column":1}},"9":{"start":{"line":14,"column":2},"end":{"line":14,"column":75}},"10":{"start":{"line":15,"column":2},"end":{"line":15,"column":18}},"11":{"start":{"line":18,"column":12},"end":{"line":18,"column":21}},"12":{"start":{"line":21,"column":0},"end":{"line":21,"column":16}},"13":{"start":{"line":22,"column":0},"end":{"line":22,"column":24}},"14":{"start":{"line":25,"column":0},"end":{"line":31,"column":3}},"15":{"start":{"line":26,"column":2},"end":{"line":26,"column":72}},"16":{"start":{"line":27,"column":2},"end":{"line":29,"column":3}},"17":{"start":{"line":28,"column":4},"end":{"line":28,"column":74}},"18":{"start":{"line":30,"column":2},"end":{"line":30,"column":9}},"19":{"start":{"line":34,"column":24},"end":{"line":38,"column":1}},"20":{"start":{"line":41,"column":0},"end":{"line":41,"column":51}},"21":{"start":{"line":42,"column":0},"end":{"line":51,"column":5}},"22":{"start":{"line":44,"column":4},"end":{"line":44,"column":50}},"23":{"start":{"line":45,"column":4},"end":{"line":45,"column":60}},"24":{"start":{"line":48,"column":4},"end":{"line":48,"column":52}},"25":{"start":{"line":49,"column":4},"end":{"line":49,"column":90}},"26":{"start":{"line":50,"column":4},"end":{"line":50,"column":20}},"27":{"start":{"line":54,"column":0},"end":{"line":56,"column":3}},"28":{"start":{"line":55,"column":2},"end":{"line":55,"column":50}},"29":{"start":{"line":58,"column":0},"end":{"line":60,"column":3}},"30":{"start":{"line":59,"column":2},"end":{"line":59,"column":38}},"31":{"start":{"line":63,"column":0},"end":{"line":63,"column":47}},"32":{"start":{"line":64,"column":0},"end":{"line":64,"column":55}},"33":{"start":{"line":67,"column":0},"end":{"line":73,"column":3}},"34":{"start":{"line":68,"column":2},"end":{"line":72,"column":5}},"35":{"start":{"line":76,"column":0},"end":{"line":83,"column":3}},"36":{"start":{"line":77,"column":2},"end":{"line":77,"column":38}},"37":{"start":{"line":78,"column":2},"end":{"line":82,"column":5}},"38":{"start":{"line":86,"column":20},"end":{"line":102,"column":1}},"39":{"start":{"line":87,"column":2},"end":{"line":101,"column":3}},"40":{"start":{"line":88,"column":4},"end":{"line":92,"column":7}},"41":{"start":{"line":89,"column":6},"end":{"line":89,"column":55}},"42":{"start":{"line":90,"column":6},"end":{"line":90,"column":73}},"43":{"start":{"line":91,"column":6},"end":{"line":91,"column":106}},"44":{"start":{"line":94,"column":4},"end":{"line":100,"column":5}},"45":{"start":{"line":95,"column":6},"end":{"line":95,"column":65}},"46":{"start":{"line":96,"column":6},"end":{"line":96,"column":28}},"47":{"start":{"line":98,"column":6},"end":{"line":98,"column":42}},"48":{"start":{"line":99,"column":6},"end":{"line":99,"column":22}},"49":{"start":{"line":105,"column":13},"end":{"line":105,"column":37}},"50":{"start":{"line":106,"column":0},"end":{"line":106,"column":18}}},"fnMap":{"0":{"name":"(anonymous_0)","decl":{"start":{"line":11,"column":46},"end":{"line":11,"column":47}},"loc":{"start":{"line":11,"column":56},"end":{"line":11,"column":76}},"line":11},"1":{"name":"(anonymous_1)","decl":{"start":{"line":25,"column":8},"end":{"line":25,"column":9}},"loc":{"start":{"line":25,"column":28},"end":{"line":31,"column":1}},"line":25},"2":{"name":"(anonymous_2)","decl":{"start":{"line":43,"column":8},"end":{"line":43,"column":9}},"loc":{"start":{"line":43,"column":14},"end":{"line":46,"column":3}},"line":43},"3":{"name":"(anonymous_3)","decl":{"start":{"line":47,"column":9},"end":{"line":47,"column":10}},"loc":{"start":{"line":47,"column":16},"end":{"line":51,"column":3}},"line":47},"4":{"name":"(anonymous_4)","decl":{"start":{"line":54,"column":32},"end":{"line":54,"column":33}},"loc":{"start":{"line":54,"column":39},"end":{"line":56,"column":1}},"line":54},"5":{"name":"(anonymous_5)","decl":{"start":{"line":58,"column":39},"end":{"line":58,"column":40}},"loc":{"start":{"line":58,"column":45},"end":{"line":60,"column":1}},"line":58},"6":{"name":"(anonymous_6)","decl":{"start":{"line":67,"column":13},"end":{"line":67,"column":14}},"loc":{"start":{"line":67,"column":27},"end":{"line":73,"column":1}},"line":67},"7":{"name":"(anonymous_7)","decl":{"start":{"line":76,"column":8},"end":{"line":76,"column":9}},"loc":{"start":{"line":76,"column":33},"end":{"line":83,"column":1}},"line":76},"8":{"name":"(anonymous_8)","decl":{"start":{"line":86,"column":20},"end":{"line":86,"column":21}},"loc":{"start":{"line":86,"column":30},"end":{"line":102,"column":1}},"line":86},"9":{"name":"(anonymous_9)","decl":{"start":{"line":88,"column":21},"end":{"line":88,"column":22}},"loc":{"start":{"line":88,"column":27},"end":{"line":92,"column":5}},"line":88}},"branchMap":{"0":{"loc":{"start":{"line":13,"column":0},"end":{"line":16,"column":1}},"type":"if","locations":[{"start":{"line":13,"column":0},"end":{"line":16,"column":1}},{"start":{},"end":{}}],"line":13},"1":{"loc":{"start":{"line":27,"column":2},"end":{"line":29,"column":3}},"type":"if","locations":[{"start":{"line":27,"column":2},"end":{"line":29,"column":3}},{"start":{},"end":{}}],"line":27},"2":{"loc":{"start":{"line":27,"column":6},"end":{"line":27,"column":50}},"type":"binary-expr","locations":[{"start":{"line":27,"column":6},"end":{"line":27,"column":14}},{"start":{"line":27,"column":18},"end":{"line":27,"column":50}}],"line":27},"3":{"loc":{"start":{"line":71,"column":13},"end":{"line":71,"column":80}},"type":"cond-expr","locations":[{"start":{"line":71,"column":52},"end":{"line":71,"column":63}},{"start":{"line":71,"column":66},"end":{"line":71,"column":80}}],"line":71},"4":{"loc":{"start":{"line":81,"column":11},"end":{"line":81,"column":73}},"type":"cond-expr","locations":[{"start":{"line":81,"column":52},"end":{"line":81,"column":61}},{"start":{"line":81,"column":64},"end":{"line":81,"column":73}}],"line":81},"5":{"loc":{"start":{"line":90,"column":34},"end":{"line":90,"column":71}},"type":"binary-expr","locations":[{"start":{"line":90,"column":34},"end":{"line":90,"column":54}},{"start":{"line":90,"column":58},"end":{"line":90,"column":71}}],"line":90},"6":{"loc":{"start":{"line":91,"column":37},"end":{"line":91,"column":104}},"type":"cond-expr","locations":[{"start":{"line":91,"column":76},"end":{"line":91,"column":87}},{"start":{"line":91,"column":90},"end":{"line":91,"column":104}}],"line":91},"7":{"loc":{"start":{"line":94,"column":4},"end":{"line":100,"column":5}},"type":"if","locations":[{"start":{"line":94,"column":4},"end":{"line":100,"column":5}},{"start":{"line":97,"column":11},"end":{"line":100,"column":5}}],"line":94},"8":{"loc":{"start":{"line":105,"column":13},"end":{"line":105,"column":37}},"type":"binary-expr","locations":[{"start":{"line":105,"column":13},"end":{"line":105,"column":29}},{"start":{"line":105,"column":33},"end":{"line":105,"column":37}}],"line":105}},"s":{"0":0,"1":0,"2":0,"3":0,"4":0,"5":0,"6":0,"7":0,"8":0,"9":0,"10":0,"11":0,"12":0,"13":0,"14":0,"15":0,"16":0,"17":0,"18":0,"19":0,"20":0,"21":0,"22":0,"23":0,"24":0,"25":0,"26":0,"27":0,"28":0,"29":0,"30":0,"31":0,"32":0,"33":0,"34":0,"35":0,"36":0,"37":0,"38":0,"39":0,"40":0,"41":0,"42":0,"43":0,"44":0,"45":0,"46":0,"47":0,"48":0,"49":0,"50":0},"f":{"0":0,"1":0,"2":0,"3":0,"4":0,"5":0,"6":0,"7":0,"8":0,"9":0},"b":{"0":[0,0],"1":[0,0],"2":[0,0],"3":[0,0],"4":[0,0],"5":[0,0],"6":[0,0],"7":[0,0],"8":[0,0]}}
,"C:\\Users\\HP\\OneDrive\\Desktop\\ClayBlossom\\ClayBlossoms\\backend\\controllers\\productController.js": {"path":"C:\\Users\\HP\\OneDrive\\Desktop\\ClayBlossom\\ClayBlossoms\\backend\\controllers\\productController.js","statementMap":{"0":{"start":{"line":1,"column":23},"end":{"line":1,"column":60}},"1":{"start":{"line":6,"column":20},"end":{"line":9,"column":1}},"2":{"start":{"line":7,"column":17},"end":{"line":7,"column":60}},"3":{"start":{"line":8,"column":2},"end":{"line":8,"column":19}},"4":{"start":{"line":14,"column":28},"end":{"line":17,"column":1}},"5":{"start":{"line":15,"column":19},"end":{"line":15,"column":61}},"6":{"start":{"line":16,"column":2},"end":{"line":16,"column":21}},"7":{"start":{"line":22,"column":22},"end":{"line":25,"column":1}},"8":{"start":{"line":23,"column":21},"end":{"line":23,"column":57}},"9":{"start":{"line":24,"column":2},"end":{"line":24,"column":23}},"10":{"start":{"line":30,"column":23},"end":{"line":33,"column":1}},"11":{"start":{"line":31,"column":18},"end":{"line":31,"column":68}},"12":{"start":{"line":32,"column":2},"end":{"line":32,"column":20}},"13":{"start":{"line":38,"column":22},"end":{"line":41,"column":1}},"14":{"start":{"line":39,"column":18},"end":{"line":39,"column":62}},"15":{"start":{"line":40,"column":2},"end":{"line":40,"column":32}},"16":{"start":{"line":46,"column":22},"end":{"line":49,"column":1}},"17":{"start":{"line":47,"column":18},"end":{"line":47,"column":77}},"18":{"start":{"line":48,"column":2},"end":{"line":48,"column":20}},"19":{"start":{"line":54,"column":22},"end":{"line":57,"column":1}},"20":{"start":{"line":55,"column":2},"end":{"line":55,"column":52}},"21":{"start":{"line":56,"column":2},"end":{"line":56,"column":43}},"22":{"start":{"line":62,"column":28},"end":{"line":70,"column":1}},"23":{"start":{"line":63,"column":17},"end":{"line":68,"column":3}},"24":{"start":{"line":69,"column":2},"end":{"line":69,"column":31}},"25":{"start":{"line":72,"column":0},"end":{"line":81,"column":2}}},"fnMap":{"0":{"name":"(anonymous_0)","decl":{"start":{"line":6,"column":20},"end":{"line":6,"column":21}},"loc":{"start":{"line":6,"column":46},"end":{"line":9,"column":1}},"line":6},"1":{"name":"(anonymous_1)","decl":{"start":{"line":14,"column":28},"end":{"line":14,"column":29}},"loc":{"start":{"line":14,"column":54},"end":{"line":17,"column":1}},"line":14},"2":{"name":"(anonymous_2)","decl":{"start":{"line":22,"column":22},"end":{"line":22,"column":23}},"loc":{"start":{"line":22,"column":48},"end":{"line":25,"column":1}},"line":22},"3":{"name":"(anonymous_3)","decl":{"start":{"line":30,"column":23},"end":{"line":30,"column":24}},"loc":{"start":{"line":30,"column":49},"end":{"line":33,"column":1}},"line":30},"4":{"name":"(anonymous_4)","decl":{"start":{"line":38,"column":22},"end":{"line":38,"column":23}},"loc":{"start":{"line":38,"column":48},"end":{"line":41,"column":1}},"line":38},"5":{"name":"(anonymous_5)","decl":{"start":{"line":46,"column":22},"end":{"line":46,"column":23}},"loc":{"start":{"line":46,"column":48},"end":{"line":49,"column":1}},"line":46},"6":{"name":"(anonymous_6)","decl":{"start":{"line":54,"column":22},"end":{"line":54,"column":23}},"loc":{"start":{"line":54,"column":48},"end":{"line":57,"column":1}},"line":54},"7":{"name":"(anonymous_7)","decl":{"start":{"line":62,"column":28},"end":{"line":62,"column":29}},"loc":{"start":{"line":62,"column":54},"end":{"line":70,"column":1}},"line":62}},"branchMap":{},"s":{"0":0,"1":0,"2":0,"3":0,"4":0,"5":0,"6":0,"7":0,"8":0,"9":0,"10":0,"11":0,"12":0,"13":0,"14":0,"15":0,"16":0,"17":0,"18":0,"19":0,"20":0,"21":0,"22":0,"23":0,"24":0,"25":0},"f":{"0":0,"1":0,"2":0,"3":0,"4":0,"5":0,"6":0,"7":0},"b":{}}
,"C:\\Users\\HP\\OneDrive\\Desktop\\ClayBlossom\\ClayBlossoms\\backend\\middlewares\\UserModel.js": {"path":"C:\\Users\\HP\\OneDrive\\Desktop\\ClayBlossom\\ClayBlossoms\\backend\\middlewares\\UserModel.js","statementMap":{"0":{"start":{"line":1,"column":26},"end":{"line":1,"column":50}},"1":{"start":{"line":3,"column":17},"end":{"line":10,"column":2}},"2":{"start":{"line":12,"column":0},"end":{"line":12,"column":42}}},"fnMap":{},"branchMap":{},"s":{"0":0,"1":0,"2":0},"f":{},"b":{}}
,"C:\\Users\\HP\\OneDrive\\Desktop\\ClayBlossom\\ClayBlossoms\\backend\\middlewares\\auth.js": {"path":"C:\\Users\\HP\\OneDrive\\Desktop\\ClayBlossom\\ClayBlossoms\\backend\\middlewares\\auth.js","statementMap":{"0":{"start":{"line":1,"column":12},"end":{"line":1,"column":35}},"1":{"start":{"line":2,"column":13},"end":{"line":2,"column":38}},"2":{"start":{"line":4,"column":16},"end":{"line":21,"column":1}},"3":{"start":{"line":7,"column":2},"end":{"line":16,"column":3}},"4":{"start":{"line":8,"column":4},"end":{"line":15,"column":5}},"5":{"start":{"line":9,"column":6},"end":{"line":9,"column":54}},"6":{"start":{"line":10,"column":22},"end":{"line":10,"column":63}},"7":{"start":{"line":11,"column":6},"end":{"line":11,"column":69}},"8":{"start":{"line":12,"column":6},"end":{"line":12,"column":13}},"9":{"start":{"line":14,"column":6},"end":{"line":14,"column":72}},"10":{"start":{"line":18,"column":2},"end":{"line":20,"column":3}},"11":{"start":{"line":19,"column":4},"end":{"line":19,"column":66}},"12":{"start":{"line":23,"column":14},"end":{"line":29,"column":1}},"13":{"start":{"line":24,"column":2},"end":{"line":28,"column":3}},"14":{"start":{"line":25,"column":4},"end":{"line":25,"column":11}},"15":{"start":{"line":27,"column":4},"end":{"line":27,"column":68}},"16":{"start":{"line":31,"column":0},"end":{"line":31,"column":36}}},"fnMap":{"0":{"name":"(anonymous_0)","decl":{"start":{"line":4,"column":16},"end":{"line":4,"column":17}},"loc":{"start":{"line":4,"column":42},"end":{"line":21,"column":1}},"line":4},"1":{"name":"(anonymous_1)","decl":{"start":{"line":23,"column":14},"end":{"line":23,"column":15}},"loc":{"start":{"line":23,"column":34},"end":{"line":29,"column":1}},"line":23}},"branchMap":{"0":{"loc":{"start":{"line":7,"column":2},"end":{"line":16,"column":3}},"type":"if","locations":[{"start":{"line":7,"column":2},"end":{"line":16,"column":3}},{"start":{},"end":{}}],"line":7},"1":{"loc":{"start":{"line":7,"column":6},"end":{"line":7,"column":81}},"type":"binary-expr","locations":[{"start":{"line":7,"column":6},"end":{"line":7,"column":31}},{"start":{"line":7,"column":35},"end":{"line":7,"column":81}}],"line":7},"2":{"loc":{"start":{"line":18,"column":2},"end":{"line":20,"column":3}},"type":"if","locations":[{"start":{"line":18,"column":2},"end":{"line":20,"column":3}},{"start":{},"end":{}}],"line":18},"3":{"loc":{"start":{"line":24,"column":2},"end":{"line":28,"column":3}},"type":"if","locations":[{"start":{"line":24,"column":2},"end":{"line":28,"column":3}},{"start":{"line":26,"column":9},"end":{"line":28,"column":3}}],"line":24},"4":{"loc":{"start":{"line":24,"column":6},"end":{"line":24,"column":34}},"type":"binary-expr","locations":[{"start":{"line":24,"column":6},"end":{"line":24,"column":14}},{"start":{"line":24,"column":18},"end":{"line":24,"column":34}}],"line":24}},"s":{"0":0,"1":0,"2":0,"3":0,"4":0,"5":0,"6":0,"7":0,"8":0,"9":0,"10":0,"11":0,"12":0,"13":0,"14":0,"15":0,"16":0},"f":{"0":0,"1":0},"b":{"0":[0,0],"1":[0,0],"2":[0,0],"3":[0,0],"4":[0,0]}}
,"C:\\Users\\HP\\OneDrive\\Desktop\\ClayBlossom\\ClayBlossoms\\backend\\middlewares\\errorHandler.js": {"path":"C:\\Users\\HP\\OneDrive\\Desktop\\ClayBlossom\\ClayBlossoms\\backend\\middlewares\\errorHandler.js","statementMap":{"0":{"start":{"line":1,"column":17},"end":{"line":1,"column":45}},"1":{"start":{"line":4,"column":21},"end":{"line":11,"column":1}},"2":{"start":{"line":5,"column":2},"end":{"line":10,"column":5}},"3":{"start":{"line":14,"column":22},"end":{"line":33,"column":1}},"4":{"start":{"line":16,"column":2},"end":{"line":32,"column":3}},"5":{"start":{"line":17,"column":4},"end":{"line":20,"column":7}},"6":{"start":{"line":25,"column":4},"end":{"line":25,"column":35}},"7":{"start":{"line":28,"column":4},"end":{"line":31,"column":7}},"8":{"start":{"line":36,"column":32},"end":{"line":40,"column":1}},"9":{"start":{"line":37,"column":16},"end":{"line":37,"column":55}},"10":{"start":{"line":38,"column":18},"end":{"line":38,"column":78}},"11":{"start":{"line":39,"column":2},"end":{"line":39,"column":36}},"12":{"start":{"line":43,"column":32},"end":{"line":47,"column":1}},"13":{"start":{"line":44,"column":17},"end":{"line":44,"column":64}},"14":{"start":{"line":44,"column":53},"end":{"line":44,"column":63}},"15":{"start":{"line":45,"column":18},"end":{"line":45,"column":60}},"16":{"start":{"line":46,"column":2},"end":{"line":46,"column":36}},"17":{"start":{"line":50,"column":26},"end":{"line":53,"column":1}},"18":{"start":{"line":51,"column":18},"end":{"line":51,"column":53}},"19":{"start":{"line":52,"column":2},"end":{"line":52,"column":36}},"20":{"start":{"line":56,"column":23},"end":{"line":57,"column":58}},"21":{"start":{"line":57,"column":2},"end":{"line":57,"column":58}},"22":{"start":{"line":59,"column":30},"end":{"line":60,"column":67}},"23":{"start":{"line":60,"column":2},"end":{"line":60,"column":67}},"24":{"start":{"line":63,"column":21},"end":{"line":81,"column":1}},"25":{"start":{"line":64,"column":2},"end":{"line":64,"column":41}},"26":{"start":{"line":65,"column":2},"end":{"line":65,"column":37}},"27":{"start":{"line":67,"column":2},"end":{"line":80,"column":3}},"28":{"start":{"line":68,"column":4},"end":{"line":68,"column":27}},"29":{"start":{"line":70,"column":16},"end":{"line":70,"column":26}},"30":{"start":{"line":71,"column":4},"end":{"line":71,"column":32}},"31":{"start":{"line":73,"column":4},"end":{"line":73,"column":69}},"32":{"start":{"line":73,"column":36},"end":{"line":73,"column":69}},"33":{"start":{"line":74,"column":4},"end":{"line":74,"column":69}},"34":{"start":{"line":74,"column":30},"end":{"line":74,"column":69}},"35":{"start":{"line":75,"column":4},"end":{"line":75,"column":81}},"36":{"start":{"line":75,"column":42},"end":{"line":75,"column":81}},"37":{"start":{"line":76,"column":4},"end":{"line":76,"column":69}},"38":{"start":{"line":76,"column":44},"end":{"line":76,"column":69}},"39":{"start":{"line":77,"column":4},"end":{"line":77,"column":76}},"40":{"start":{"line":77,"column":44},"end":{"line":77,"column":76}},"41":{"start":{"line":79,"column":4},"end":{"line":79,"column":30}},"42":{"start":{"line":83,"column":0},"end":{"line":83,"column":30}}},"fnMap":{"0":{"name":"(anonymous_0)","decl":{"start":{"line":4,"column":21},"end":{"line":4,"column":22}},"loc":{"start":{"line":4,"column":35},"end":{"line":11,"column":1}},"line":4},"1":{"name":"(anonymous_1)","decl":{"start":{"line":14,"column":22},"end":{"line":14,"column":23}},"loc":{"start":{"line":14,"column":36},"end":{"line":33,"column":1}},"line":14},"2":{"name":"(anonymous_2)","decl":{"start":{"line":36,"column":32},"end":{"line":36,"column":33}},"loc":{"start":{"line":36,"column":39},"end":{"line":40,"column":1}},"line":36},"3":{"name":"(anonymous_3)","decl":{"start":{"line":43,"column":32},"end":{"line":43,"column":33}},"loc":{"start":{"line":43,"column":39},"end":{"line":47,"column":1}},"line":43},"4":{"name":"(anonymous_4)","decl":{"start":{"line":44,"column":47},"end":{"line":44,"column":48}},"loc":{"start":{"line":44,"column":53},"end":{"line":44,"column":63}},"line":44},"5":{"name":"(anonymous_5)","decl":{"start":{"line":50,"column":26},"end":{"line":50,"column":27}},"loc":{"start":{"line":50,"column":33},"end":{"line":53,"column":1}},"line":50},"6":{"name":"(anonymous_6)","decl":{"start":{"line":56,"column":23},"end":{"line":56,"column":24}},"loc":{"start":{"line":57,"column":2},"end":{"line":57,"column":58}},"line":57},"7":{"name":"(anonymous_7)","decl":{"start":{"line":59,"column":30},"end":{"line":59,"column":31}},"loc":{"start":{"line":60,"column":2},"end":{"line":60,"column":67}},"line":60},"8":{"name":"(anonymous_8)","decl":{"start":{"line":63,"column":21},"end":{"line":63,"column":22}},"loc":{"start":{"line":63,"column":46},"end":{"line":81,"column":1}},"line":63}},"branchMap":{"0":{"loc":{"start":{"line":16,"column":2},"end":{"line":32,"column":3}},"type":"if","locations":[{"start":{"line":16,"column":2},"end":{"line":32,"column":3}},{"start":{"line":23,"column":7},"end":{"line":32,"column":3}}],"line":16},"1":{"loc":{"start":{"line":64,"column":19},"end":{"line":64,"column":40}},"type":"binary-expr","locations":[{"start":{"line":64,"column":19},"end":{"line":64,"column":33}},{"start":{"line":64,"column":37},"end":{"line":64,"column":40}}],"line":64},"2":{"loc":{"start":{"line":65,"column":15},"end":{"line":65,"column":36}},"type":"binary-expr","locations":[{"start":{"line":65,"column":15},"end":{"line":65,"column":25}},{"start":{"line":65,"column":29},"end":{"line":65,"column":36}}],"line":65},"3":{"loc":{"start":{"line":67,"column":2},"end":{"line":80,"column":3}},"type":"if","locations":[{"start":{"line":67,"column":2},"end":{"line":80,"column":3}},{"start":{"line":69,"column":9},"end":{"line":80,"column":3}}],"line":67},"4":{"loc":{"start":{"line":73,"column":4},"end":{"line":73,"column":69}},"type":"if","locations":[{"start":{"line":73,"column":4},"end":{"line":73,"column":69}},{"start":{},"end":{}}],"line":73},"5":{"loc":{"start":{"line":74,"column":4},"end":{"line":74,"column":69}},"type":"if","locations":[{"start":{"line":74,"column":4},"end":{"line":74,"column":69}},{"start":{},"end":{}}],"line":74},"6":{"loc":{"start":{"line":75,"column":4},"end":{"line":75,"column":81}},"type":"if","locations":[{"start":{"line":75,"column":4},"end":{"line":75,"column":81}},{"start":{},"end":{}}],"line":75},"7":{"loc":{"start":{"line":76,"column":4},"end":{"line":76,"column":69}},"type":"if","locations":[{"start":{"line":76,"column":4},"end":{"line":76,"column":69}},{"start":{},"end":{}}],"line":76},"8":{"loc":{"start":{"line":77,"column":4},"end":{"line":77,"column":76}},"type":"if","locations":[{"start":{"line":77,"column":4},"end":{"line":77,"column":76}},{"start":{},"end":{}}],"line":77}},"s":{"0":1,"1":1,"2":6,"3":1,"4":2,"5":1,"6":1,"7":1,"8":1,"9":0,"10":0,"11":0,"12":1,"13":0,"14":0,"15":0,"16":0,"17":1,"18":0,"19":0,"20":1,"21":0,"22":1,"23":0,"24":1,"25":8,"26":8,"27":8,"28":6,"29":2,"30":2,"31":2,"32":0,"33":2,"34":0,"35":2,"36":0,"37":2,"38":0,"39":2,"40":0,"41":2,"42":1},"f":{"0":6,"1":2,"2":0,"3":0,"4":0,"5":0,"6":0,"7":0,"8":8},"b":{"0":[1,1],"1":[8,6],"2":[8,6],"3":[6,2],"4":[0,2],"5":[0,2],"6":[0,2],"7":[0,2],"8":[0,2]},"_coverageSchema":"1a1c01bbd47fc00a2c39e90264f33305004495a9","hash":"84d29797275cf43520bf7fc5c5361f922e7da46e"}
,"C:\\Users\\HP\\OneDrive\\Desktop\\ClayBlossom\\ClayBlossoms\\backend\\middlewares\\validateProduct.js": {"path":"C:\\Users\\HP\\OneDrive\\Desktop\\ClayBlossom\\ClayBlossoms\\backend\\middlewares\\validateProduct.js","statementMap":{"0":{"start":{"line":1,"column":49},"end":{"line":1,"column":77}},"1":{"start":{"line":4,"column":17},"end":{"line":10,"column":1}},"2":{"start":{"line":5,"column":17},"end":{"line":5,"column":38}},"3":{"start":{"line":6,"column":2},"end":{"line":8,"column":3}},"4":{"start":{"line":7,"column":4},"end":{"line":7,"column":60}},"5":{"start":{"line":9,"column":2},"end":{"line":9,"column":9}},"6":{"start":{"line":13,"column":30},"end":{"line":58,"column":1}},"7":{"start":{"line":61,"column":30},"end":{"line":105,"column":1}},"8":{"start":{"line":108,"column":30},"end":{"line":127,"column":1}},"9":{"start":{"line":130,"column":29},"end":{"line":178,"column":1}},"10":{"start":{"line":161,"column":6},"end":{"line":163,"column":7}},"11":{"start":{"line":162,"column":8},"end":{"line":162,"column":76}},"12":{"start":{"line":164,"column":6},"end":{"line":164,"column":18}},"13":{"start":{"line":180,"column":0},"end":{"line":185,"column":2}}},"fnMap":{"0":{"name":"(anonymous_0)","decl":{"start":{"line":4,"column":17},"end":{"line":4,"column":18}},"loc":{"start":{"line":4,"column":37},"end":{"line":10,"column":1}},"line":4},"1":{"name":"(anonymous_1)","decl":{"start":{"line":160,"column":12},"end":{"line":160,"column":13}},"loc":{"start":{"line":160,"column":32},"end":{"line":165,"column":5}},"line":160}},"branchMap":{"0":{"loc":{"start":{"line":6,"column":2},"end":{"line":8,"column":3}},"type":"if","locations":[{"start":{"line":6,"column":2},"end":{"line":8,"column":3}},{"start":{},"end":{}}],"line":6},"1":{"loc":{"start":{"line":161,"column":6},"end":{"line":163,"column":7}},"type":"if","locations":[{"start":{"line":161,"column":6},"end":{"line":163,"column":7}},{"start":{},"end":{}}],"line":161},"2":{"loc":{"start":{"line":161,"column":10},"end":{"line":161,"column":75}},"type":"binary-expr","locations":[{"start":{"line":161,"column":10},"end":{"line":161,"column":28}},{"start":{"line":161,"column":32},"end":{"line":161,"column":75}}],"line":161}},"s":{"0":0,"1":0,"2":0,"3":0,"4":0,"5":0,"6":0,"7":0,"8":0,"9":0,"10":0,"11":0,"12":0,"13":0},"f":{"0":0,"1":0},"b":{"0":[0,0],"1":[0,0],"2":[0,0]}}
,"C:\\Users\\HP\\OneDrive\\Desktop\\ClayBlossom\\ClayBlossoms\\backend\\models\\Product.js": {"path":"C:\\Users\\HP\\OneDrive\\Desktop\\ClayBlossom\\ClayBlossoms\\backend\\models\\Product.js","statementMap":{"0":{"start":{"line":1,"column":17},"end":{"line":1,"column":36}},"1":{"start":{"line":3,"column":22},"end":{"line":76,"column":2}},"2":{"start":{"line":78,"column":0},"end":{"line":78,"column":58}}},"fnMap":{},"branchMap":{},"s":{"0":1,"1":1,"2":1},"f":{},"b":{},"_coverageSchema":"1a1c01bbd47fc00a2c39e90264f33305004495a9","hash":"44e45a2f8e62160a26b2afa890207fe4cddb36cd"}
,"C:\\Users\\HP\\OneDrive\\Desktop\\ClayBlossom\\ClayBlossoms\\backend\\models\\User.js": {"path":"C:\\Users\\HP\\OneDrive\\Desktop\\ClayBlossom\\ClayBlossoms\\backend\\models\\User.js","statementMap":{"0":{"start":{"line":1,"column":17},"end":{"line":1,"column":36}},"1":{"start":{"line":3,"column":19},"end":{"line":26,"column":2}},"2":{"start":{"line":28,"column":0},"end":{"line":28,"column":52}}},"fnMap":{},"branchMap":{},"s":{"0":0,"1":0,"2":0},"f":{},"b":{}}
,"C:\\Users\\HP\\OneDrive\\Desktop\\ClayBlossom\\ClayBlossoms\\backend\\models\\UserModel.js": {"path":"C:\\Users\\HP\\OneDrive\\Desktop\\ClayBlossom\\ClayBlossoms\\backend\\models\\UserModel.js","statementMap":{"0":{"start":{"line":1,"column":26},"end":{"line":1,"column":50}},"1":{"start":{"line":3,"column":17},"end":{"line":10,"column":2}},"2":{"start":{"line":12,"column":0},"end":{"line":12,"column":42}}},"fnMap":{},"branchMap":{},"s":{"0":0,"1":0,"2":0},"f":{},"b":{}}
,"C:\\Users\\HP\\OneDrive\\Desktop\\ClayBlossom\\ClayBlossoms\\backend\\models\\verifyToken.js": {"path":"C:\\Users\\HP\\OneDrive\\Desktop\\ClayBlossom\\ClayBlossoms\\backend\\models\\verifyToken.js","statementMap":{"0":{"start":{"line":1,"column":12},"end":{"line":1,"column":35}},"1":{"start":{"line":2,"column":0},"end":{"line":2,"column":27}},"2":{"start":{"line":4,"column":20},"end":{"line":31,"column":1}},"3":{"start":{"line":7,"column":18},"end":{"line":7,"column":44}},"4":{"start":{"line":9,"column":4},"end":{"line":11,"column":5}},"5":{"start":{"line":10,"column":8},"end":{"line":10,"column":79}},"6":{"start":{"line":14,"column":4},"end":{"line":29,"column":5}},"7":{"start":{"line":16,"column":8},"end":{"line":24,"column":11}},"8":{"start":{"line":17,"column":12},"end":{"line":23,"column":13}},"9":{"start":{"line":18,"column":16},"end":{"line":18,"column":35}},"10":{"start":{"line":19,"column":16},"end":{"line":19,"column":68}},"11":{"start":{"line":21,"column":16},"end":{"line":21,"column":36}},"12":{"start":{"line":22,"column":16},"end":{"line":22,"column":23}},"13":{"start":{"line":27,"column":8},"end":{"line":27,"column":27}},"14":{"start":{"line":28,"column":8},"end":{"line":28,"column":54}},"15":{"start":{"line":32,"column":0},"end":{"line":32,"column":29}}},"fnMap":{"0":{"name":"(anonymous_0)","decl":{"start":{"line":4,"column":20},"end":{"line":4,"column":21}},"loc":{"start":{"line":4,"column":40},"end":{"line":31,"column":1}},"line":4},"1":{"name":"(anonymous_1)","decl":{"start":{"line":16,"column":50},"end":{"line":16,"column":51}},"loc":{"start":{"line":16,"column":69},"end":{"line":24,"column":9}},"line":16}},"branchMap":{"0":{"loc":{"start":{"line":9,"column":4},"end":{"line":11,"column":5}},"type":"if","locations":[{"start":{"line":9,"column":4},"end":{"line":11,"column":5}},{"start":{},"end":{}}],"line":9},"1":{"loc":{"start":{"line":17,"column":12},"end":{"line":23,"column":13}},"type":"if","locations":[{"start":{"line":17,"column":12},"end":{"line":23,"column":13}},{"start":{"line":20,"column":17},"end":{"line":23,"column":13}}],"line":17}},"s":{"0":0,"1":0,"2":0,"3":0,"4":0,"5":0,"6":0,"7":0,"8":0,"9":0,"10":0,"11":0,"12":0,"13":0,"14":0,"15":0},"f":{"0":0,"1":0},"b":{"0":[0,0],"1":[0,0]}}
,"C:\\Users\\HP\\OneDrive\\Desktop\\ClayBlossom\\ClayBlossoms\\backend\\routers\\ProductRouter.js": {"path":"C:\\Users\\HP\\OneDrive\\Desktop\\ClayBlossom\\ClayBlossoms\\backend\\routers\\ProductRouter.js","statementMap":{"0":{"start":{"line":1,"column":16},"end":{"line":1,"column":34}},"1":{"start":{"line":2,"column":21},"end":{"line":2,"column":54}},"2":{"start":{"line":3,"column":0},"end":{"line":3,"column":27}},"3":{"start":{"line":5,"column":15},"end":{"line":5,"column":31}},"4":{"start":{"line":8,"column":0},"end":{"line":23,"column":3}},"5":{"start":{"line":9,"column":4},"end":{"line":9,"column":45}},"6":{"start":{"line":11,"column":4},"end":{"line":22,"column":11}},"7":{"start":{"line":13,"column":12},"end":{"line":13,"column":90}},"8":{"start":{"line":16,"column":12},"end":{"line":20,"column":13}},"9":{"start":{"line":17,"column":16},"end":{"line":17,"column":76}},"10":{"start":{"line":19,"column":16},"end":{"line":19,"column":108}},"11":{"start":{"line":21,"column":12},"end":{"line":21,"column":31}},"12":{"start":{"line":26,"column":0},"end":{"line":35,"column":3}},"13":{"start":{"line":27,"column":4},"end":{"line":34,"column":11}},"14":{"start":{"line":29,"column":12},"end":{"line":29,"column":43}},"15":{"start":{"line":32,"column":12},"end":{"line":32,"column":31}},"16":{"start":{"line":33,"column":12},"end":{"line":33,"column":86}},"17":{"start":{"line":38,"column":0},"end":{"line":47,"column":3}},"18":{"start":{"line":39,"column":4},"end":{"line":46,"column":11}},"19":{"start":{"line":41,"column":12},"end":{"line":41,"column":43}},"20":{"start":{"line":44,"column":12},"end":{"line":44,"column":31}},"21":{"start":{"line":45,"column":12},"end":{"line":45,"column":98}},"22":{"start":{"line":50,"column":0},"end":{"line":63,"column":3}},"23":{"start":{"line":51,"column":4},"end":{"line":62,"column":11}},"24":{"start":{"line":53,"column":12},"end":{"line":57,"column":13}},"25":{"start":{"line":54,"column":16},"end":{"line":54,"column":46}},"26":{"start":{"line":56,"column":16},"end":{"line":56,"column":71}},"27":{"start":{"line":60,"column":12},"end":{"line":60,"column":31}},"28":{"start":{"line":61,"column":12},"end":{"line":61,"column":93}},"29":{"start":{"line":66,"column":0},"end":{"line":79,"column":3}},"30":{"start":{"line":67,"column":4},"end":{"line":78,"column":11}},"31":{"start":{"line":69,"column":12},"end":{"line":73,"column":13}},"32":{"start":{"line":70,"column":16},"end":{"line":70,"column":46}},"33":{"start":{"line":72,"column":16},"end":{"line":72,"column":71}},"34":{"start":{"line":76,"column":12},"end":{"line":76,"column":31}},"35":{"start":{"line":77,"column":12},"end":{"line":77,"column":91}},"36":{"start":{"line":82,"column":0},"end":{"line":95,"column":3}},"37":{"start":{"line":83,"column":4},"end":{"line":94,"column":11}},"38":{"start":{"line":85,"column":12},"end":{"line":89,"column":13}},"39":{"start":{"line":86,"column":16},"end":{"line":86,"column":104}},"40":{"start":{"line":88,"column":16},"end":{"line":88,"column":71}},"41":{"start":{"line":92,"column":12},"end":{"line":92,"column":31}},"42":{"start":{"line":93,"column":12},"end":{"line":93,"column":86}},"43":{"start":{"line":98,"column":0},"end":{"line":111,"column":3}},"44":{"start":{"line":99,"column":4},"end":{"line":110,"column":11}},"45":{"start":{"line":101,"column":12},"end":{"line":105,"column":13}},"46":{"start":{"line":102,"column":16},"end":{"line":102,"column":104}},"47":{"start":{"line":104,"column":16},"end":{"line":104,"column":71}},"48":{"start":{"line":108,"column":12},"end":{"line":108,"column":31}},"49":{"start":{"line":109,"column":12},"end":{"line":109,"column":86}},"50":{"start":{"line":113,"column":0},"end":{"line":113,"column":24}}},"fnMap":{"0":{"name":"(anonymous_0)","decl":{"start":{"line":8,"column":20},"end":{"line":8,"column":21}},"loc":{"start":{"line":8,"column":34},"end":{"line":23,"column":1}},"line":8},"1":{"name":"(anonymous_1)","decl":{"start":{"line":12,"column":14},"end":{"line":12,"column":15}},"loc":{"start":{"line":12,"column":26},"end":{"line":14,"column":9}},"line":12},"2":{"name":"(anonymous_2)","decl":{"start":{"line":15,"column":15},"end":{"line":15,"column":16}},"loc":{"start":{"line":15,"column":24},"end":{"line":22,"column":9}},"line":15},"3":{"name":"(anonymous_3)","decl":{"start":{"line":26,"column":22},"end":{"line":26,"column":23}},"loc":{"start":{"line":26,"column":36},"end":{"line":35,"column":1}},"line":26},"4":{"name":"(anonymous_4)","decl":{"start":{"line":28,"column":14},"end":{"line":28,"column":15}},"loc":{"start":{"line":28,"column":28},"end":{"line":30,"column":9}},"line":28},"5":{"name":"(anonymous_5)","decl":{"start":{"line":31,"column":15},"end":{"line":31,"column":16}},"loc":{"start":{"line":31,"column":24},"end":{"line":34,"column":9}},"line":31},"6":{"name":"(anonymous_6)","decl":{"start":{"line":38,"column":39},"end":{"line":38,"column":40}},"loc":{"start":{"line":38,"column":53},"end":{"line":47,"column":1}},"line":38},"7":{"name":"(anonymous_7)","decl":{"start":{"line":40,"column":14},"end":{"line":40,"column":15}},"loc":{"start":{"line":40,"column":28},"end":{"line":42,"column":9}},"line":40},"8":{"name":"(anonymous_8)","decl":{"start":{"line":43,"column":15},"end":{"line":43,"column":16}},"loc":{"start":{"line":43,"column":24},"end":{"line":46,"column":9}},"line":43},"9":{"name":"(anonymous_9)","decl":{"start":{"line":50,"column":31},"end":{"line":50,"column":32}},"loc":{"start":{"line":50,"column":45},"end":{"line":63,"column":1}},"line":50},"10":{"name":"(anonymous_10)","decl":{"start":{"line":52,"column":14},"end":{"line":52,"column":15}},"loc":{"start":{"line":52,"column":27},"end":{"line":58,"column":9}},"line":52},"11":{"name":"(anonymous_11)","decl":{"start":{"line":59,"column":15},"end":{"line":59,"column":16}},"loc":{"start":{"line":59,"column":24},"end":{"line":62,"column":9}},"line":59},"12":{"name":"(anonymous_12)","decl":{"start":{"line":66,"column":27},"end":{"line":66,"column":28}},"loc":{"start":{"line":66,"column":41},"end":{"line":79,"column":1}},"line":66},"13":{"name":"(anonymous_13)","decl":{"start":{"line":68,"column":14},"end":{"line":68,"column":15}},"loc":{"start":{"line":68,"column":27},"end":{"line":74,"column":9}},"line":68},"14":{"name":"(anonymous_14)","decl":{"start":{"line":75,"column":15},"end":{"line":75,"column":16}},"loc":{"start":{"line":75,"column":24},"end":{"line":78,"column":9}},"line":75},"15":{"name":"(anonymous_15)","decl":{"start":{"line":82,"column":26},"end":{"line":82,"column":27}},"loc":{"start":{"line":82,"column":40},"end":{"line":95,"column":1}},"line":82},"16":{"name":"(anonymous_16)","decl":{"start":{"line":84,"column":14},"end":{"line":84,"column":15}},"loc":{"start":{"line":84,"column":34},"end":{"line":90,"column":9}},"line":84},"17":{"name":"(anonymous_17)","decl":{"start":{"line":91,"column":15},"end":{"line":91,"column":16}},"loc":{"start":{"line":91,"column":24},"end":{"line":94,"column":9}},"line":91},"18":{"name":"(anonymous_18)","decl":{"start":{"line":98,"column":29},"end":{"line":98,"column":30}},"loc":{"start":{"line":98,"column":43},"end":{"line":111,"column":1}},"line":98},"19":{"name":"(anonymous_19)","decl":{"start":{"line":100,"column":14},"end":{"line":100,"column":15}},"loc":{"start":{"line":100,"column":34},"end":{"line":106,"column":9}},"line":100},"20":{"name":"(anonymous_20)","decl":{"start":{"line":107,"column":15},"end":{"line":107,"column":16}},"loc":{"start":{"line":107,"column":24},"end":{"line":110,"column":9}},"line":107}},"branchMap":{"0":{"loc":{"start":{"line":16,"column":12},"end":{"line":20,"column":13}},"type":"if","locations":[{"start":{"line":16,"column":12},"end":{"line":20,"column":13}},{"start":{"line":18,"column":19},"end":{"line":20,"column":13}}],"line":16},"1":{"loc":{"start":{"line":53,"column":12},"end":{"line":57,"column":13}},"type":"if","locations":[{"start":{"line":53,"column":12},"end":{"line":57,"column":13}},{"start":{"line":55,"column":19},"end":{"line":57,"column":13}}],"line":53},"2":{"loc":{"start":{"line":69,"column":12},"end":{"line":73,"column":13}},"type":"if","locations":[{"start":{"line":69,"column":12},"end":{"line":73,"column":13}},{"start":{"line":71,"column":19},"end":{"line":73,"column":13}}],"line":69},"3":{"loc":{"start":{"line":85,"column":12},"end":{"line":89,"column":13}},"type":"if","locations":[{"start":{"line":85,"column":12},"end":{"line":89,"column":13}},{"start":{"line":87,"column":19},"end":{"line":89,"column":13}}],"line":85},"4":{"loc":{"start":{"line":101,"column":12},"end":{"line":105,"column":13}},"type":"if","locations":[{"start":{"line":101,"column":12},"end":{"line":105,"column":13}},{"start":{"line":103,"column":19},"end":{"line":105,"column":13}}],"line":101}},"s":{"0":0,"1":0,"2":0,"3":0,"4":0,"5":0,"6":0,"7":0,"8":0,"9":0,"10":0,"11":0,"12":0,"13":0,"14":0,"15":0,"16":0,"17":0,"18":0,"19":0,"20":0,"21":0,"22":0,"23":0,"24":0,"25":0,"26":0,"27":0,"28":0,"29":0,"30":0,"31":0,"32":0,"33":0,"34":0,"35":0,"36":0,"37":0,"38":0,"39":0,"40":0,"41":0,"42":0,"43":0,"44":0,"45":0,"46":0,"47":0,"48":0,"49":0,"50":0},"f":{"0":0,"1":0,"2":0,"3":0,"4":0,"5":0,"6":0,"7":0,"8":0,"9":0,"10":0,"11":0,"12":0,"13":0,"14":0,"15":0,"16":0,"17":0,"18":0,"19":0,"20":0},"b":{"0":[0,0],"1":[0,0],"2":[0,0],"3":[0,0],"4":[0,0]}}
,"C:\\Users\\HP\\OneDrive\\Desktop\\ClayBlossom\\ClayBlossoms\\backend\\routers\\UserRouter.js": {"path":"C:\\Users\\HP\\OneDrive\\Desktop\\ClayBlossom\\ClayBlossoms\\backend\\routers\\UserRouter.js","statementMap":{"0":{"start":{"line":1,"column":16},"end":{"line":1,"column":34}},"1":{"start":{"line":2,"column":14},"end":{"line":2,"column":44}},"2":{"start":{"line":3,"column":12},"end":{"line":3,"column":35}},"3":{"start":{"line":4,"column":0},"end":{"line":4,"column":27}},"4":{"start":{"line":6,"column":15},"end":{"line":6,"column":31}},"5":{"start":{"line":8,"column":0},"end":{"line":23,"column":3}},"6":{"start":{"line":9,"column":4},"end":{"line":9,"column":26}},"7":{"start":{"line":11,"column":4},"end":{"line":22,"column":11}},"8":{"start":{"line":13,"column":12},"end":{"line":13,"column":41}},"9":{"start":{"line":16,"column":12},"end":{"line":20,"column":13}},"10":{"start":{"line":17,"column":16},"end":{"line":17,"column":78}},"11":{"start":{"line":19,"column":16},"end":{"line":19,"column":73}},"12":{"start":{"line":21,"column":12},"end":{"line":21,"column":29}},"13":{"start":{"line":26,"column":0},"end":{"line":35,"column":3}},"14":{"start":{"line":27,"column":4},"end":{"line":34,"column":11}},"15":{"start":{"line":30,"column":12},"end":{"line":30,"column":41}},"16":{"start":{"line":32,"column":12},"end":{"line":32,"column":29}},"17":{"start":{"line":33,"column":12},"end":{"line":33,"column":38}},"18":{"start":{"line":38,"column":0},"end":{"line":48,"column":3}},"19":{"start":{"line":40,"column":4},"end":{"line":47,"column":11}},"20":{"start":{"line":42,"column":12},"end":{"line":42,"column":41}},"21":{"start":{"line":45,"column":12},"end":{"line":45,"column":29}},"22":{"start":{"line":46,"column":12},"end":{"line":46,"column":38}},"23":{"start":{"line":50,"column":0},"end":{"line":60,"column":3}},"24":{"start":{"line":52,"column":4},"end":{"line":59,"column":11}},"25":{"start":{"line":54,"column":12},"end":{"line":54,"column":41}},"26":{"start":{"line":57,"column":12},"end":{"line":57,"column":29}},"27":{"start":{"line":58,"column":12},"end":{"line":58,"column":38}},"28":{"start":{"line":65,"column":0},"end":{"line":73,"column":3}},"29":{"start":{"line":66,"column":4},"end":{"line":72,"column":11}},"30":{"start":{"line":68,"column":12},"end":{"line":68,"column":41}},"31":{"start":{"line":70,"column":12},"end":{"line":70,"column":29}},"32":{"start":{"line":71,"column":12},"end":{"line":71,"column":38}},"33":{"start":{"line":77,"column":0},"end":{"line":85,"column":3}},"34":{"start":{"line":78,"column":4},"end":{"line":84,"column":11}},"35":{"start":{"line":80,"column":12},"end":{"line":80,"column":41}},"36":{"start":{"line":82,"column":12},"end":{"line":82,"column":29}},"37":{"start":{"line":83,"column":12},"end":{"line":83,"column":38}},"38":{"start":{"line":88,"column":0},"end":{"line":96,"column":3}},"39":{"start":{"line":89,"column":4},"end":{"line":95,"column":11}},"40":{"start":{"line":91,"column":12},"end":{"line":91,"column":41}},"41":{"start":{"line":93,"column":12},"end":{"line":93,"column":29}},"42":{"start":{"line":94,"column":12},"end":{"line":94,"column":38}},"43":{"start":{"line":99,"column":0},"end":{"line":128,"column":3}},"44":{"start":{"line":100,"column":4},"end":{"line":127,"column":11}},"45":{"start":{"line":102,"column":12},"end":{"line":123,"column":13}},"46":{"start":{"line":104,"column":45},"end":{"line":104,"column":51}},"47":{"start":{"line":105,"column":32},"end":{"line":105,"column":52}},"48":{"start":{"line":107,"column":16},"end":{"line":119,"column":17}},"49":{"start":{"line":112,"column":24},"end":{"line":117,"column":25}},"50":{"start":{"line":113,"column":28},"end":{"line":113,"column":45}},"51":{"start":{"line":114,"column":28},"end":{"line":114,"column":88}},"52":{"start":{"line":116,"column":28},"end":{"line":116,"column":58}},"53":{"start":{"line":122,"column":16},"end":{"line":122,"column":73}},"54":{"start":{"line":125,"column":12},"end":{"line":125,"column":29}},"55":{"start":{"line":126,"column":12},"end":{"line":126,"column":38}},"56":{"start":{"line":130,"column":0},"end":{"line":130,"column":24}}},"fnMap":{"0":{"name":"(anonymous_0)","decl":{"start":{"line":8,"column":20},"end":{"line":8,"column":21}},"loc":{"start":{"line":8,"column":34},"end":{"line":23,"column":1}},"line":8},"1":{"name":"(anonymous_1)","decl":{"start":{"line":12,"column":14},"end":{"line":12,"column":15}},"loc":{"start":{"line":12,"column":26},"end":{"line":14,"column":9}},"line":12},"2":{"name":"(anonymous_2)","decl":{"start":{"line":15,"column":15},"end":{"line":15,"column":16}},"loc":{"start":{"line":15,"column":24},"end":{"line":22,"column":9}},"line":15},"3":{"name":"(anonymous_3)","decl":{"start":{"line":26,"column":22},"end":{"line":26,"column":23}},"loc":{"start":{"line":26,"column":36},"end":{"line":35,"column":1}},"line":26},"4":{"name":"(anonymous_4)","decl":{"start":{"line":29,"column":14},"end":{"line":29,"column":15}},"loc":{"start":{"line":29,"column":26},"end":{"line":31,"column":9}},"line":29},"5":{"name":"(anonymous_5)","decl":{"start":{"line":31,"column":17},"end":{"line":31,"column":18}},"loc":{"start":{"line":31,"column":26},"end":{"line":34,"column":9}},"line":31},"6":{"name":"(anonymous_6)","decl":{"start":{"line":38,"column":31},"end":{"line":38,"column":32}},"loc":{"start":{"line":38,"column":45},"end":{"line":48,"column":1}},"line":38},"7":{"name":"(anonymous_7)","decl":{"start":{"line":41,"column":14},"end":{"line":41,"column":15}},"loc":{"start":{"line":41,"column":26},"end":{"line":43,"column":9}},"line":41},"8":{"name":"(anonymous_8)","decl":{"start":{"line":44,"column":15},"end":{"line":44,"column":16}},"loc":{"start":{"line":44,"column":24},"end":{"line":47,"column":9}},"line":44},"9":{"name":"(anonymous_9)","decl":{"start":{"line":50,"column":33},"end":{"line":50,"column":34}},"loc":{"start":{"line":50,"column":47},"end":{"line":60,"column":1}},"line":50},"10":{"name":"(anonymous_10)","decl":{"start":{"line":53,"column":14},"end":{"line":53,"column":15}},"loc":{"start":{"line":53,"column":26},"end":{"line":55,"column":9}},"line":53},"11":{"name":"(anonymous_11)","decl":{"start":{"line":56,"column":15},"end":{"line":56,"column":16}},"loc":{"start":{"line":56,"column":24},"end":{"line":59,"column":9}},"line":56},"12":{"name":"(anonymous_12)","decl":{"start":{"line":65,"column":27},"end":{"line":65,"column":28}},"loc":{"start":{"line":65,"column":41},"end":{"line":73,"column":1}},"line":65},"13":{"name":"(anonymous_13)","decl":{"start":{"line":67,"column":14},"end":{"line":67,"column":15}},"loc":{"start":{"line":67,"column":26},"end":{"line":69,"column":9}},"line":67},"14":{"name":"(anonymous_14)","decl":{"start":{"line":69,"column":17},"end":{"line":69,"column":18}},"loc":{"start":{"line":69,"column":26},"end":{"line":72,"column":9}},"line":69},"15":{"name":"(anonymous_15)","decl":{"start":{"line":77,"column":26},"end":{"line":77,"column":27}},"loc":{"start":{"line":77,"column":40},"end":{"line":85,"column":1}},"line":77},"16":{"name":"(anonymous_16)","decl":{"start":{"line":79,"column":14},"end":{"line":79,"column":15}},"loc":{"start":{"line":79,"column":26},"end":{"line":81,"column":9}},"line":79},"17":{"name":"(anonymous_17)","decl":{"start":{"line":81,"column":17},"end":{"line":81,"column":18}},"loc":{"start":{"line":81,"column":26},"end":{"line":84,"column":9}},"line":81},"18":{"name":"(anonymous_18)","decl":{"start":{"line":88,"column":29},"end":{"line":88,"column":30}},"loc":{"start":{"line":88,"column":43},"end":{"line":96,"column":1}},"line":88},"19":{"name":"(anonymous_19)","decl":{"start":{"line":90,"column":14},"end":{"line":90,"column":15}},"loc":{"start":{"line":90,"column":26},"end":{"line":92,"column":9}},"line":90},"20":{"name":"(anonymous_20)","decl":{"start":{"line":92,"column":17},"end":{"line":92,"column":18}},"loc":{"start":{"line":92,"column":26},"end":{"line":95,"column":9}},"line":92},"21":{"name":"(anonymous_21)","decl":{"start":{"line":99,"column":29},"end":{"line":99,"column":30}},"loc":{"start":{"line":99,"column":43},"end":{"line":128,"column":1}},"line":99},"22":{"name":"(anonymous_22)","decl":{"start":{"line":101,"column":14},"end":{"line":101,"column":15}},"loc":{"start":{"line":101,"column":26},"end":{"line":124,"column":9}},"line":101},"23":{"name":"(anonymous_23)","decl":{"start":{"line":111,"column":20},"end":{"line":111,"column":21}},"loc":{"start":{"line":111,"column":36},"end":{"line":118,"column":21}},"line":111},"24":{"name":"(anonymous_24)","decl":{"start":{"line":124,"column":17},"end":{"line":124,"column":18}},"loc":{"start":{"line":124,"column":26},"end":{"line":127,"column":9}},"line":124}},"branchMap":{"0":{"loc":{"start":{"line":16,"column":12},"end":{"line":20,"column":13}},"type":"if","locations":[{"start":{"line":16,"column":12},"end":{"line":20,"column":13}},{"start":{"line":18,"column":19},"end":{"line":20,"column":13}}],"line":16},"1":{"loc":{"start":{"line":102,"column":12},"end":{"line":123,"column":13}},"type":"if","locations":[{"start":{"line":102,"column":12},"end":{"line":123,"column":13}},{"start":{"line":120,"column":19},"end":{"line":123,"column":13}}],"line":102},"2":{"loc":{"start":{"line":112,"column":24},"end":{"line":117,"column":25}},"type":"if","locations":[{"start":{"line":112,"column":24},"end":{"line":117,"column":25}},{"start":{"line":115,"column":29},"end":{"line":117,"column":25}}],"line":112}},"s":{"0":0,"1":0,"2":0,"3":0,"4":0,"5":0,"6":0,"7":0,"8":0,"9":0,"10":0,"11":0,"12":0,"13":0,"14":0,"15":0,"16":0,"17":0,"18":0,"19":0,"20":0,"21":0,"22":0,"23":0,"24":0,"25":0,"26":0,"27":0,"28":0,"29":0,"30":0,"31":0,"32":0,"33":0,"34":0,"35":0,"36":0,"37":0,"38":0,"39":0,"40":0,"41":0,"42":0,"43":0,"44":0,"45":0,"46":0,"47":0,"48":0,"49":0,"50":0,"51":0,"52":0,"53":0,"54":0,"55":0,"56":0},"f":{"0":0,"1":0,"2":0,"3":0,"4":0,"5":0,"6":0,"7":0,"8":0,"9":0,"10":0,"11":0,"12":0,"13":0,"14":0,"15":0,"16":0,"17":0,"18":0,"19":0,"20":0,"21":0,"22":0,"23":0,"24":0},"b":{"0":[0,0],"1":[0,0],"2":[0,0]}}
,"C:\\Users\\HP\\OneDrive\\Desktop\\ClayBlossom\\ClayBlossoms\\backend\\routers\\productRoutes.js": {"path":"C:\\Users\\HP\\OneDrive\\Desktop\\ClayBlossom\\ClayBlossoms\\backend\\routers\\productRoutes.js","statementMap":{"0":{"start":{"line":1,"column":16},"end":{"line":1,"column":34}},"1":{"start":{"line":2,"column":15},"end":{"line":2,"column":31}},"2":{"start":{"line":3,"column":16},"end":{"line":3,"column":44}},"3":{"start":{"line":6,"column":0},"end":{"line":14,"column":3}},"4":{"start":{"line":7,"column":2},"end":{"line":13,"column":3}},"5":{"start":{"line":8,"column":21},"end":{"line":8,"column":41}},"6":{"start":{"line":9,"column":4},"end":{"line":9,"column":23}},"7":{"start":{"line":11,"column":4},"end":{"line":11,"column":53}},"8":{"start":{"line":12,"column":4},"end":{"line":12,"column":53}},"9":{"start":{"line":17,"column":0},"end":{"line":27,"column":3}},"10":{"start":{"line":18,"column":2},"end":{"line":26,"column":3}},"11":{"start":{"line":19,"column":20},"end":{"line":19,"column":57}},"12":{"start":{"line":20,"column":4},"end":{"line":22,"column":5}},"13":{"start":{"line":21,"column":6},"end":{"line":21,"column":68}},"14":{"start":{"line":23,"column":4},"end":{"line":23,"column":22}},"15":{"start":{"line":25,"column":4},"end":{"line":25,"column":53}},"16":{"start":{"line":30,"column":0},"end":{"line":39,"column":3}},"17":{"start":{"line":31,"column":2},"end":{"line":38,"column":3}},"18":{"start":{"line":32,"column":20},"end":{"line":32,"column":41}},"19":{"start":{"line":33,"column":25},"end":{"line":33,"column":45}},"20":{"start":{"line":34,"column":4},"end":{"line":34,"column":39}},"21":{"start":{"line":36,"column":4},"end":{"line":36,"column":52}},"22":{"start":{"line":37,"column":4},"end":{"line":37,"column":53}},"23":{"start":{"line":42,"column":0},"end":{"line":57,"column":3}},"24":{"start":{"line":43,"column":2},"end":{"line":56,"column":3}},"25":{"start":{"line":44,"column":20},"end":{"line":48,"column":5}},"26":{"start":{"line":49,"column":4},"end":{"line":51,"column":5}},"27":{"start":{"line":50,"column":6},"end":{"line":50,"column":68}},"28":{"start":{"line":52,"column":4},"end":{"line":52,"column":22}},"29":{"start":{"line":54,"column":4},"end":{"line":54,"column":52}},"30":{"start":{"line":55,"column":4},"end":{"line":55,"column":53}},"31":{"start":{"line":60,"column":0},"end":{"line":71,"column":3}},"32":{"start":{"line":61,"column":2},"end":{"line":70,"column":3}},"33":{"start":{"line":62,"column":20},"end":{"line":62,"column":66}},"34":{"start":{"line":63,"column":4},"end":{"line":65,"column":5}},"35":{"start":{"line":64,"column":6},"end":{"line":64,"column":68}},"36":{"start":{"line":66,"column":4},"end":{"line":66,"column":58}},"37":{"start":{"line":68,"column":4},"end":{"line":68,"column":52}},"38":{"start":{"line":69,"column":4},"end":{"line":69,"column":53}},"39":{"start":{"line":74,"column":0},"end":{"line":108,"column":3}},"40":{"start":{"line":75,"column":2},"end":{"line":107,"column":3}},"41":{"start":{"line":76,"column":31},"end":{"line":76,"column":39}},"42":{"start":{"line":77,"column":20},"end":{"line":77,"column":57}},"43":{"start":{"line":79,"column":4},"end":{"line":81,"column":5}},"44":{"start":{"line":80,"column":6},"end":{"line":80,"column":68}},"45":{"start":{"line":84,"column":27},"end":{"line":86,"column":5}},"46":{"start":{"line":85,"column":11},"end":{"line":85,"column":56}},"47":{"start":{"line":88,"column":4},"end":{"line":97,"column":5}},"48":{"start":{"line":89,"column":6},"end":{"line":89,"column":37}},"49":{"start":{"line":90,"column":6},"end":{"line":90,"column":37}},"50":{"start":{"line":92,"column":6},"end":{"line":96,"column":9}},"51":{"start":{"line":100,"column":25},"end":{"line":100,"column":84}},"52":{"start":{"line":100,"column":63},"end":{"line":100,"column":80}},"53":{"start":{"line":101,"column":4},"end":{"line":101,"column":66}},"54":{"start":{"line":103,"column":4},"end":{"line":103,"column":25}},"55":{"start":{"line":104,"column":4},"end":{"line":104,"column":22}},"56":{"start":{"line":106,"column":4},"end":{"line":106,"column":53}},"57":{"start":{"line":110,"column":0},"end":{"line":110,"column":24}}},"fnMap":{"0":{"name":"(anonymous_0)","decl":{"start":{"line":6,"column":24},"end":{"line":6,"column":25}},"loc":{"start":{"line":6,"column":44},"end":{"line":14,"column":1}},"line":6},"1":{"name":"(anonymous_1)","decl":{"start":{"line":17,"column":28},"end":{"line":17,"column":29}},"loc":{"start":{"line":17,"column":48},"end":{"line":27,"column":1}},"line":17},"2":{"name":"(anonymous_2)","decl":{"start":{"line":30,"column":25},"end":{"line":30,"column":26}},"loc":{"start":{"line":30,"column":45},"end":{"line":39,"column":1}},"line":30},"3":{"name":"(anonymous_3)","decl":{"start":{"line":42,"column":28},"end":{"line":42,"column":29}},"loc":{"start":{"line":42,"column":48},"end":{"line":57,"column":1}},"line":42},"4":{"name":"(anonymous_4)","decl":{"start":{"line":60,"column":31},"end":{"line":60,"column":32}},"loc":{"start":{"line":60,"column":51},"end":{"line":71,"column":1}},"line":60},"5":{"name":"(anonymous_5)","decl":{"start":{"line":74,"column":54},"end":{"line":74,"column":55}},"loc":{"start":{"line":74,"column":74},"end":{"line":108,"column":1}},"line":74},"6":{"name":"(anonymous_6)","decl":{"start":{"line":85,"column":6},"end":{"line":85,"column":7}},"loc":{"start":{"line":85,"column":11},"end":{"line":85,"column":56}},"line":85},"7":{"name":"(anonymous_7)","decl":{"start":{"line":100,"column":48},"end":{"line":100,"column":49}},"loc":{"start":{"line":100,"column":63},"end":{"line":100,"column":80}},"line":100}},"branchMap":{"0":{"loc":{"start":{"line":20,"column":4},"end":{"line":22,"column":5}},"type":"if","locations":[{"start":{"line":20,"column":4},"end":{"line":22,"column":5}},{"start":{},"end":{}}],"line":20},"1":{"loc":{"start":{"line":49,"column":4},"end":{"line":51,"column":5}},"type":"if","locations":[{"start":{"line":49,"column":4},"end":{"line":51,"column":5}},{"start":{},"end":{}}],"line":49},"2":{"loc":{"start":{"line":63,"column":4},"end":{"line":65,"column":5}},"type":"if","locations":[{"start":{"line":63,"column":4},"end":{"line":65,"column":5}},{"start":{},"end":{}}],"line":63},"3":{"loc":{"start":{"line":79,"column":4},"end":{"line":81,"column":5}},"type":"if","locations":[{"start":{"line":79,"column":4},"end":{"line":81,"column":5}},{"start":{},"end":{}}],"line":79},"4":{"loc":{"start":{"line":88,"column":4},"end":{"line":97,"column":5}},"type":"if","locations":[{"start":{"line":88,"column":4},"end":{"line":97,"column":5}},{"start":{"line":91,"column":11},"end":{"line":97,"column":5}}],"line":88}},"s":{"0":0,"1":0,"2":0,"3":0,"4":0,"5":0,"6":0,"7":0,"8":0,"9":0,"10":0,"11":0,"12":0,"13":0,"14":0,"15":0,"16":0,"17":0,"18":0,"19":0,"20":0,"21":0,"22":0,"23":0,"24":0,"25":0,"26":0,"27":0,"28":0,"29":0,"30":0,"31":0,"32":0,"33":0,"34":0,"35":0,"36":0,"37":0,"38":0,"39":0,"40":0,"41":0,"42":0,"43":0,"44":0,"45":0,"46":0,"47":0,"48":0,"49":0,"50":0,"51":0,"52":0,"53":0,"54":0,"55":0,"56":0,"57":0},"f":{"0":0,"1":0,"2":0,"3":0,"4":0,"5":0,"6":0,"7":0},"b":{"0":[0,0],"1":[0,0],"2":[0,0],"3":[0,0],"4":[0,0]}}
,"C:\\Users\\HP\\OneDrive\\Desktop\\ClayBlossom\\ClayBlossoms\\backend\\routes\\auth.js": {"path":"C:\\Users\\HP\\OneDrive\\Desktop\\ClayBlossom\\ClayBlossoms\\backend\\routes\\auth.js","statementMap":{"0":{"start":{"line":1,"column":16},"end":{"line":1,"column":34}},"1":{"start":{"line":2,"column":15},"end":{"line":2,"column":31}},"2":{"start":{"line":3,"column":15},"end":{"line":3,"column":34}},"3":{"start":{"line":4,"column":12},"end":{"line":4,"column":35}},"4":{"start":{"line":5,"column":13},"end":{"line":5,"column":38}},"5":{"start":{"line":10,"column":0},"end":{"line":80,"column":3}},"6":{"start":{"line":11,"column":2},"end":{"line":79,"column":3}},"7":{"start":{"line":12,"column":4},"end":{"line":12,"column":54}},"8":{"start":{"line":13,"column":38},"end":{"line":13,"column":46}},"9":{"start":{"line":16,"column":4},"end":{"line":19,"column":5}},"10":{"start":{"line":17,"column":6},"end":{"line":17,"column":85}},"11":{"start":{"line":18,"column":6},"end":{"line":18,"column":74}},"12":{"start":{"line":22,"column":15},"end":{"line":22,"column":44}},"13":{"start":{"line":23,"column":4},"end":{"line":26,"column":5}},"14":{"start":{"line":24,"column":6},"end":{"line":24,"column":49}},"15":{"start":{"line":25,"column":6},"end":{"line":25,"column":70}},"16":{"start":{"line":29,"column":4},"end":{"line":34,"column":7}},"17":{"start":{"line":37,"column":17},"end":{"line":37,"column":41}},"18":{"start":{"line":38,"column":4},"end":{"line":38,"column":54}},"19":{"start":{"line":41,"column":4},"end":{"line":41,"column":22}},"20":{"start":{"line":42,"column":4},"end":{"line":42,"column":53}},"21":{"start":{"line":45,"column":20},"end":{"line":50,"column":5}},"22":{"start":{"line":52,"column":4},"end":{"line":72,"column":6}},"23":{"start":{"line":57,"column":8},"end":{"line":60,"column":9}},"24":{"start":{"line":58,"column":10},"end":{"line":58,"column":48}},"25":{"start":{"line":59,"column":10},"end":{"line":59,"column":20}},"26":{"start":{"line":61,"column":8},"end":{"line":61,"column":52}},"27":{"start":{"line":62,"column":8},"end":{"line":70,"column":11}},"28":{"start":{"line":74,"column":4},"end":{"line":74,"column":40}},"29":{"start":{"line":75,"column":4},"end":{"line":78,"column":7}},"30":{"start":{"line":85,"column":0},"end":{"line":147,"column":3}},"31":{"start":{"line":86,"column":2},"end":{"line":146,"column":3}},"32":{"start":{"line":87,"column":4},"end":{"line":87,"column":70}},"33":{"start":{"line":88,"column":32},"end":{"line":88,"column":40}},"34":{"start":{"line":91,"column":4},"end":{"line":94,"column":5}},"35":{"start":{"line":92,"column":6},"end":{"line":92,"column":41}},"36":{"start":{"line":93,"column":6},"end":{"line":93,"column":82}},"37":{"start":{"line":97,"column":17},"end":{"line":97,"column":46}},"38":{"start":{"line":98,"column":4},"end":{"line":101,"column":5}},"39":{"start":{"line":99,"column":6},"end":{"line":99,"column":44}},"40":{"start":{"line":100,"column":6},"end":{"line":100,"column":70}},"41":{"start":{"line":104,"column":20},"end":{"line":104,"column":65}},"42":{"start":{"line":105,"column":4},"end":{"line":108,"column":5}},"43":{"start":{"line":106,"column":6},"end":{"line":106,"column":55}},"44":{"start":{"line":107,"column":6},"end":{"line":107,"column":70}},"45":{"start":{"line":110,"column":4},"end":{"line":110,"column":53}},"46":{"start":{"line":113,"column":20},"end":{"line":118,"column":5}},"47":{"start":{"line":120,"column":4},"end":{"line":139,"column":6}},"48":{"start":{"line":125,"column":8},"end":{"line":128,"column":9}},"49":{"start":{"line":126,"column":10},"end":{"line":126,"column":48}},"50":{"start":{"line":127,"column":10},"end":{"line":127,"column":20}},"51":{"start":{"line":129,"column":8},"end":{"line":137,"column":11}},"52":{"start":{"line":141,"column":4},"end":{"line":141,"column":39}},"53":{"start":{"line":142,"column":4},"end":{"line":145,"column":7}},"54":{"start":{"line":149,"column":0},"end":{"line":149,"column":24}}},"fnMap":{"0":{"name":"(anonymous_0)","decl":{"start":{"line":10,"column":23},"end":{"line":10,"column":24}},"loc":{"start":{"line":10,"column":43},"end":{"line":80,"column":1}},"line":10},"1":{"name":"(anonymous_1)","decl":{"start":{"line":56,"column":6},"end":{"line":56,"column":7}},"loc":{"start":{"line":56,"column":22},"end":{"line":71,"column":7}},"line":56},"2":{"name":"(anonymous_2)","decl":{"start":{"line":85,"column":22},"end":{"line":85,"column":23}},"loc":{"start":{"line":85,"column":42},"end":{"line":147,"column":1}},"line":85},"3":{"name":"(anonymous_3)","decl":{"start":{"line":124,"column":6},"end":{"line":124,"column":7}},"loc":{"start":{"line":124,"column":22},"end":{"line":138,"column":7}},"line":124}},"branchMap":{"0":{"loc":{"start":{"line":16,"column":4},"end":{"line":19,"column":5}},"type":"if","locations":[{"start":{"line":16,"column":4},"end":{"line":19,"column":5}},{"start":{},"end":{}}],"line":16},"1":{"loc":{"start":{"line":16,"column":8},"end":{"line":16,"column":36}},"type":"binary-expr","locations":[{"start":{"line":16,"column":8},"end":{"line":16,"column":13}},{"start":{"line":16,"column":17},"end":{"line":16,"column":23}},{"start":{"line":16,"column":27},"end":{"line":16,"column":36}}],"line":16},"2":{"loc":{"start":{"line":23,"column":4},"end":{"line":26,"column":5}},"type":"if","locations":[{"start":{"line":23,"column":4},"end":{"line":26,"column":5}},{"start":{},"end":{}}],"line":23},"3":{"loc":{"start":{"line":57,"column":8},"end":{"line":60,"column":9}},"type":"if","locations":[{"start":{"line":57,"column":8},"end":{"line":60,"column":9}},{"start":{},"end":{}}],"line":57},"4":{"loc":{"start":{"line":91,"column":4},"end":{"line":94,"column":5}},"type":"if","locations":[{"start":{"line":91,"column":4},"end":{"line":94,"column":5}},{"start":{},"end":{}}],"line":91},"5":{"loc":{"start":{"line":91,"column":8},"end":{"line":91,"column":27}},"type":"binary-expr","locations":[{"start":{"line":91,"column":8},"end":{"line":91,"column":14}},{"start":{"line":91,"column":18},"end":{"line":91,"column":27}}],"line":91},"6":{"loc":{"start":{"line":98,"column":4},"end":{"line":101,"column":5}},"type":"if","locations":[{"start":{"line":98,"column":4},"end":{"line":101,"column":5}},{"start":{},"end":{}}],"line":98},"7":{"loc":{"start":{"line":105,"column":4},"end":{"line":108,"column":5}},"type":"if","locations":[{"start":{"line":105,"column":4},"end":{"line":108,"column":5}},{"start":{},"end":{}}],"line":105},"8":{"loc":{"start":{"line":125,"column":8},"end":{"line":128,"column":9}},"type":"if","locations":[{"start":{"line":125,"column":8},"end":{"line":128,"column":9}},{"start":{},"end":{}}],"line":125}},"s":{"0":0,"1":0,"2":0,"3":0,"4":0,"5":0,"6":0,"7":0,"8":0,"9":0,"10":0,"11":0,"12":0,"13":0,"14":0,"15":0,"16":0,"17":0,"18":0,"19":0,"20":0,"21":0,"22":0,"23":0,"24":0,"25":0,"26":0,"27":0,"28":0,"29":0,"30":0,"31":0,"32":0,"33":0,"34":0,"35":0,"36":0,"37":0,"38":0,"39":0,"40":0,"41":0,"42":0,"43":0,"44":0,"45":0,"46":0,"47":0,"48":0,"49":0,"50":0,"51":0,"52":0,"53":0,"54":0},"f":{"0":0,"1":0,"2":0,"3":0},"b":{"0":[0,0],"1":[0,0,0],"2":[0,0],"3":[0,0],"4":[0,0],"5":[0,0],"6":[0,0],"7":[0,0],"8":[0,0]}}
,"C:\\Users\\HP\\OneDrive\\Desktop\\ClayBlossom\\ClayBlossoms\\backend\\routes\\products.js": {"path":"C:\\Users\\HP\\OneDrive\\Desktop\\ClayBlossom\\ClayBlossoms\\backend\\routes\\products.js","statementMap":{"0":{"start":{"line":1,"column":16},"end":{"line":1,"column":34}},"1":{"start":{"line":2,"column":15},"end":{"line":2,"column":31}},"2":{"start":{"line":3,"column":27},"end":{"line":3,"column":57}},"3":{"start":{"line":9,"column":4},"end":{"line":9,"column":45}},"4":{"start":{"line":19,"column":4},"end":{"line":19,"column":47}},"5":{"start":{"line":22,"column":0},"end":{"line":22,"column":51}},"6":{"start":{"line":23,"column":0},"end":{"line":23,"column":45}},"7":{"start":{"line":24,"column":0},"end":{"line":24,"column":41}},"8":{"start":{"line":25,"column":0},"end":{"line":25,"column":35}},"9":{"start":{"line":28,"column":0},"end":{"line":28,"column":81}},"10":{"start":{"line":31,"column":0},"end":{"line":31,"column":71}},"11":{"start":{"line":32,"column":0},"end":{"line":32,"column":73}},"12":{"start":{"line":33,"column":0},"end":{"line":33,"column":53}},"13":{"start":{"line":35,"column":0},"end":{"line":35,"column":24}}},"fnMap":{},"branchMap":{},"s":{"0":0,"1":0,"2":0,"3":0,"4":0,"5":0,"6":0,"7":0,"8":0,"9":0,"10":0,"11":0,"12":0,"13":0},"f":{},"b":{}}
,"C:\\Users\\HP\\OneDrive\\Desktop\\ClayBlossom\\ClayBlossoms\\backend\\services\\productService.js": {"path":"C:\\Users\\HP\\OneDrive\\Desktop\\ClayBlossom\\ClayBlossoms\\backend\\services\\productService.js","statementMap":{"0":{"start":{"line":1,"column":16},"end":{"line":1,"column":44}},"1":{"start":{"line":2,"column":17},"end":{"line":2,"column":45}},"2":{"start":{"line":7,"column":4},"end":{"line":69,"column":5}},"3":{"start":{"line":18,"column":10},"end":{"line":18,"column":15}},"4":{"start":{"line":20,"column":26},"end":{"line":20,"column":28}},"5":{"start":{"line":23,"column":6},"end":{"line":23,"column":52}},"6":{"start":{"line":23,"column":20},"end":{"line":23,"column":52}},"7":{"start":{"line":24,"column":6},"end":{"line":24,"column":59}},"8":{"start":{"line":24,"column":31},"end":{"line":24,"column":59}},"9":{"start":{"line":25,"column":6},"end":{"line":25,"column":61}},"10":{"start":{"line":25,"column":30},"end":{"line":25,"column":61}},"11":{"start":{"line":28,"column":6},"end":{"line":32,"column":7}},"12":{"start":{"line":29,"column":8},"end":{"line":29,"column":31}},"13":{"start":{"line":30,"column":8},"end":{"line":30,"column":64}},"14":{"start":{"line":30,"column":22},"end":{"line":30,"column":64}},"15":{"start":{"line":31,"column":8},"end":{"line":31,"column":64}},"16":{"start":{"line":31,"column":22},"end":{"line":31,"column":64}},"17":{"start":{"line":35,"column":6},"end":{"line":40,"column":7}},"18":{"start":{"line":36,"column":8},"end":{"line":39,"column":10}},"19":{"start":{"line":43,"column":26},"end":{"line":48,"column":7}},"20":{"start":{"line":50,"column":25},"end":{"line":50,"column":63}},"21":{"start":{"line":53,"column":32},"end":{"line":59,"column":8}},"22":{"start":{"line":61,"column":6},"end":{"line":66,"column":8}},"23":{"start":{"line":68,"column":6},"end":{"line":68,"column":57}},"24":{"start":{"line":74,"column":4},"end":{"line":80,"column":5}},"25":{"start":{"line":75,"column":6},"end":{"line":77,"column":30}},"26":{"start":{"line":79,"column":6},"end":{"line":79,"column":66}},"27":{"start":{"line":85,"column":4},"end":{"line":96,"column":5}},"28":{"start":{"line":86,"column":6},"end":{"line":93,"column":9}},"29":{"start":{"line":95,"column":6},"end":{"line":95,"column":59}},"30":{"start":{"line":101,"column":4},"end":{"line":110,"column":5}},"31":{"start":{"line":102,"column":22},"end":{"line":102,"column":48}},"32":{"start":{"line":103,"column":6},"end":{"line":105,"column":7}},"33":{"start":{"line":104,"column":8},"end":{"line":104,"column":53}},"34":{"start":{"line":106,"column":6},"end":{"line":106,"column":21}},"35":{"start":{"line":108,"column":6},"end":{"line":108,"column":49}},"36":{"start":{"line":108,"column":37},"end":{"line":108,"column":49}},"37":{"start":{"line":109,"column":6},"end":{"line":109,"column":56}},"38":{"start":{"line":115,"column":4},"end":{"line":124,"column":5}},"39":{"start":{"line":116,"column":22},"end":{"line":116,"column":46}},"40":{"start":{"line":117,"column":6},"end":{"line":117,"column":27}},"41":{"start":{"line":118,"column":6},"end":{"line":118,"column":21}},"42":{"start":{"line":120,"column":6},"end":{"line":122,"column":7}},"43":{"start":{"line":121,"column":8},"end":{"line":121,"column":56}},"44":{"start":{"line":123,"column":6},"end":{"line":123,"column":56}},"45":{"start":{"line":129,"column":4},"end":{"line":145,"column":5}},"46":{"start":{"line":130,"column":22},"end":{"line":134,"column":7}},"47":{"start":{"line":135,"column":6},"end":{"line":137,"column":7}},"48":{"start":{"line":136,"column":8},"end":{"line":136,"column":53}},"49":{"start":{"line":138,"column":6},"end":{"line":138,"column":21}},"50":{"start":{"line":140,"column":6},"end":{"line":140,"column":49}},"51":{"start":{"line":140,"column":37},"end":{"line":140,"column":49}},"52":{"start":{"line":141,"column":6},"end":{"line":143,"column":7}},"53":{"start":{"line":142,"column":8},"end":{"line":142,"column":56}},"54":{"start":{"line":144,"column":6},"end":{"line":144,"column":56}},"55":{"start":{"line":150,"column":4},"end":{"line":159,"column":5}},"56":{"start":{"line":151,"column":22},"end":{"line":151,"column":57}},"57":{"start":{"line":152,"column":6},"end":{"line":154,"column":7}},"58":{"start":{"line":153,"column":8},"end":{"line":153,"column":53}},"59":{"start":{"line":155,"column":6},"end":{"line":155,"column":44}},"60":{"start":{"line":157,"column":6},"end":{"line":157,"column":49}},"61":{"start":{"line":157,"column":37},"end":{"line":157,"column":49}},"62":{"start":{"line":158,"column":6},"end":{"line":158,"column":56}},"63":{"start":{"line":164,"column":4},"end":{"line":195,"column":5}},"64":{"start":{"line":165,"column":22},"end":{"line":165,"column":55}},"65":{"start":{"line":166,"column":6},"end":{"line":168,"column":7}},"66":{"start":{"line":167,"column":8},"end":{"line":167,"column":53}},"67":{"start":{"line":171,"column":30},"end":{"line":173,"column":7}},"68":{"start":{"line":172,"column":13},"end":{"line":172,"column":52}},"69":{"start":{"line":175,"column":6},"end":{"line":177,"column":7}},"70":{"start":{"line":176,"column":8},"end":{"line":176,"column":60}},"71":{"start":{"line":179,"column":21},"end":{"line":184,"column":7}},"72":{"start":{"line":186,"column":6},"end":{"line":186,"column":35}},"73":{"start":{"line":187,"column":6},"end":{"line":187,"column":50}},"74":{"start":{"line":188,"column":6},"end":{"line":188,"column":108}},"75":{"start":{"line":188,"column":61},"end":{"line":188,"column":78}},"76":{"start":{"line":190,"column":6},"end":{"line":190,"column":27}},"77":{"start":{"line":191,"column":6},"end":{"line":191,"column":41}},"78":{"start":{"line":193,"column":6},"end":{"line":193,"column":49}},"79":{"start":{"line":193,"column":37},"end":{"line":193,"column":49}},"80":{"start":{"line":194,"column":6},"end":{"line":194,"column":53}},"81":{"start":{"line":200,"column":4},"end":{"line":216,"column":5}},"82":{"start":{"line":201,"column":22},"end":{"line":201,"column":55}},"83":{"start":{"line":202,"column":6},"end":{"line":204,"column":7}},"84":{"start":{"line":203,"column":8},"end":{"line":203,"column":53}},"85":{"start":{"line":206,"column":6},"end":{"line":208,"column":7}},"86":{"start":{"line":207,"column":8},"end":{"line":207,"column":54}},"87":{"start":{"line":210,"column":6},"end":{"line":210,"column":32}},"88":{"start":{"line":211,"column":6},"end":{"line":211,"column":27}},"89":{"start":{"line":212,"column":6},"end":{"line":212,"column":21}},"90":{"start":{"line":214,"column":6},"end":{"line":214,"column":49}},"91":{"start":{"line":214,"column":37},"end":{"line":214,"column":49}},"92":{"start":{"line":215,"column":6},"end":{"line":215,"column":54}},"93":{"start":{"line":221,"column":4},"end":{"line":227,"column":5}},"94":{"start":{"line":222,"column":6},"end":{"line":224,"column":30}},"95":{"start":{"line":226,"column":6},"end":{"line":226,"column":69}},"96":{"start":{"line":232,"column":4},"end":{"line":247,"column":5}},"97":{"start":{"line":233,"column":22},"end":{"line":233,"column":55}},"98":{"start":{"line":234,"column":6},"end":{"line":236,"column":7}},"99":{"start":{"line":235,"column":8},"end":{"line":235,"column":53}},"100":{"start":{"line":238,"column":6},"end":{"line":243,"column":30}},"101":{"start":{"line":245,"column":6},"end":{"line":245,"column":49}},"102":{"start":{"line":245,"column":37},"end":{"line":245,"column":49}},"103":{"start":{"line":246,"column":6},"end":{"line":246,"column":65}},"104":{"start":{"line":251,"column":0},"end":{"line":251,"column":38}}},"fnMap":{"0":{"name":"(anonymous_0)","decl":{"start":{"line":6,"column":2},"end":{"line":6,"column":3}},"loc":{"start":{"line":6,"column":27},"end":{"line":70,"column":3}},"line":6},"1":{"name":"(anonymous_1)","decl":{"start":{"line":73,"column":2},"end":{"line":73,"column":3}},"loc":{"start":{"line":73,"column":30},"end":{"line":81,"column":3}},"line":73},"2":{"name":"(anonymous_2)","decl":{"start":{"line":84,"column":2},"end":{"line":84,"column":3}},"loc":{"start":{"line":84,"column":24},"end":{"line":97,"column":3}},"line":84},"3":{"name":"(anonymous_3)","decl":{"start":{"line":100,"column":2},"end":{"line":100,"column":3}},"loc":{"start":{"line":100,"column":27},"end":{"line":111,"column":3}},"line":100},"4":{"name":"(anonymous_4)","decl":{"start":{"line":114,"column":2},"end":{"line":114,"column":3}},"loc":{"start":{"line":114,"column":35},"end":{"line":125,"column":3}},"line":114},"5":{"name":"(anonymous_5)","decl":{"start":{"line":128,"column":2},"end":{"line":128,"column":3}},"loc":{"start":{"line":128,"column":38},"end":{"line":146,"column":3}},"line":128},"6":{"name":"(anonymous_6)","decl":{"start":{"line":149,"column":2},"end":{"line":149,"column":3}},"loc":{"start":{"line":149,"column":26},"end":{"line":160,"column":3}},"line":149},"7":{"name":"(anonymous_7)","decl":{"start":{"line":163,"column":2},"end":{"line":163,"column":3}},"loc":{"start":{"line":163,"column":66},"end":{"line":196,"column":3}},"line":163},"8":{"name":"(anonymous_8)","decl":{"start":{"line":172,"column":8},"end":{"line":172,"column":9}},"loc":{"start":{"line":172,"column":13},"end":{"line":172,"column":52}},"line":172},"9":{"name":"(anonymous_9)","decl":{"start":{"line":188,"column":46},"end":{"line":188,"column":47}},"loc":{"start":{"line":188,"column":61},"end":{"line":188,"column":78}},"line":188},"10":{"name":"(anonymous_10)","decl":{"start":{"line":199,"column":2},"end":{"line":199,"column":3}},"loc":{"start":{"line":199,"column":41},"end":{"line":217,"column":3}},"line":199},"11":{"name":"(anonymous_11)","decl":{"start":{"line":220,"column":2},"end":{"line":220,"column":3}},"loc":{"start":{"line":220,"column":52},"end":{"line":228,"column":3}},"line":220},"12":{"name":"(anonymous_12)","decl":{"start":{"line":231,"column":2},"end":{"line":231,"column":3}},"loc":{"start":{"line":231,"column":49},"end":{"line":248,"column":3}},"line":231}},"branchMap":{"0":{"loc":{"start":{"line":12,"column":8},"end":{"line":12,"column":16}},"type":"default-arg","locations":[{"start":{"line":12,"column":15},"end":{"line":12,"column":16}}],"line":12},"1":{"loc":{"start":{"line":13,"column":8},"end":{"line":13,"column":18}},"type":"default-arg","locations":[{"start":{"line":13,"column":16},"end":{"line":13,"column":18}}],"line":13},"2":{"loc":{"start":{"line":23,"column":6},"end":{"line":23,"column":52}},"type":"if","locations":[{"start":{"line":23,"column":6},"end":{"line":23,"column":52}},{"start":{},"end":{}}],"line":23},"3":{"loc":{"start":{"line":24,"column":6},"end":{"line":24,"column":59}},"type":"if","locations":[{"start":{"line":24,"column":6},"end":{"line":24,"column":59}},{"start":{},"end":{}}],"line":24},"4":{"loc":{"start":{"line":25,"column":6},"end":{"line":25,"column":61}},"type":"if","locations":[{"start":{"line":25,"column":6},"end":{"line":25,"column":61}},{"start":{},"end":{}}],"line":25},"5":{"loc":{"start":{"line":28,"column":6},"end":{"line":32,"column":7}},"type":"if","locations":[{"start":{"line":28,"column":6},"end":{"line":32,"column":7}},{"start":{},"end":{}}],"line":28},"6":{"loc":{"start":{"line":28,"column":10},"end":{"line":28,"column":30}},"type":"binary-expr","locations":[{"start":{"line":28,"column":10},"end":{"line":28,"column":18}},{"start":{"line":28,"column":22},"end":{"line":28,"column":30}}],"line":28},"7":{"loc":{"start":{"line":30,"column":8},"end":{"line":30,"column":64}},"type":"if","locations":[{"start":{"line":30,"column":8},"end":{"line":30,"column":64}},{"start":{},"end":{}}],"line":30},"8":{"loc":{"start":{"line":31,"column":8},"end":{"line":31,"column":64}},"type":"if","locations":[{"start":{"line":31,"column":8},"end":{"line":31,"column":64}},{"start":{},"end":{}}],"line":31},"9":{"loc":{"start":{"line":35,"column":6},"end":{"line":40,"column":7}},"type":"if","locations":[{"start":{"line":35,"column":6},"end":{"line":40,"column":7}},{"start":{},"end":{}}],"line":35},"10":{"loc":{"start":{"line":50,"column":25},"end":{"line":50,"column":63}},"type":"binary-expr","locations":[{"start":{"line":50,"column":25},"end":{"line":50,"column":42}},{"start":{"line":50,"column":46},"end":{"line":50,"column":63}}],"line":50},"11":{"loc":{"start":{"line":103,"column":6},"end":{"line":105,"column":7}},"type":"if","locations":[{"start":{"line":103,"column":6},"end":{"line":105,"column":7}},{"start":{},"end":{}}],"line":103},"12":{"loc":{"start":{"line":108,"column":6},"end":{"line":108,"column":49}},"type":"if","locations":[{"start":{"line":108,"column":6},"end":{"line":108,"column":49}},{"start":{},"end":{}}],"line":108},"13":{"loc":{"start":{"line":120,"column":6},"end":{"line":122,"column":7}},"type":"if","locations":[{"start":{"line":120,"column":6},"end":{"line":122,"column":7}},{"start":{},"end":{}}],"line":120},"14":{"loc":{"start":{"line":135,"column":6},"end":{"line":137,"column":7}},"type":"if","locations":[{"start":{"line":135,"column":6},"end":{"line":137,"column":7}},{"start":{},"end":{}}],"line":135},"15":{"loc":{"start":{"line":140,"column":6},"end":{"line":140,"column":49}},"type":"if","locations":[{"start":{"line":140,"column":6},"end":{"line":140,"column":49}},{"start":{},"end":{}}],"line":140},"16":{"loc":{"start":{"line":141,"column":6},"end":{"line":143,"column":7}},"type":"if","locations":[{"start":{"line":141,"column":6},"end":{"line":143,"column":7}},{"start":{},"end":{}}],"line":141},"17":{"loc":{"start":{"line":152,"column":6},"end":{"line":154,"column":7}},"type":"if","locations":[{"start":{"line":152,"column":6},"end":{"line":154,"column":7}},{"start":{},"end":{}}],"line":152},"18":{"loc":{"start":{"line":157,"column":6},"end":{"line":157,"column":49}},"type":"if","locations":[{"start":{"line":157,"column":6},"end":{"line":157,"column":49}},{"start":{},"end":{}}],"line":157},"19":{"loc":{"start":{"line":166,"column":6},"end":{"line":168,"column":7}},"type":"if","locations":[{"start":{"line":166,"column":6},"end":{"line":168,"column":7}},{"start":{},"end":{}}],"line":166},"20":{"loc":{"start":{"line":175,"column":6},"end":{"line":177,"column":7}},"type":"if","locations":[{"start":{"line":175,"column":6},"end":{"line":177,"column":7}},{"start":{},"end":{}}],"line":175},"21":{"loc":{"start":{"line":193,"column":6},"end":{"line":193,"column":49}},"type":"if","locations":[{"start":{"line":193,"column":6},"end":{"line":193,"column":49}},{"start":{},"end":{}}],"line":193},"22":{"loc":{"start":{"line":202,"column":6},"end":{"line":204,"column":7}},"type":"if","locations":[{"start":{"line":202,"column":6},"end":{"line":204,"column":7}},{"start":{},"end":{}}],"line":202},"23":{"loc":{"start":{"line":206,"column":6},"end":{"line":208,"column":7}},"type":"if","locations":[{"start":{"line":206,"column":6},"end":{"line":208,"column":7}},{"start":{},"end":{}}],"line":206},"24":{"loc":{"start":{"line":214,"column":6},"end":{"line":214,"column":49}},"type":"if","locations":[{"start":{"line":214,"column":6},"end":{"line":214,"column":49}},{"start":{},"end":{}}],"line":214},"25":{"loc":{"start":{"line":220,"column":40},"end":{"line":220,"column":50}},"type":"default-arg","locations":[{"start":{"line":220,"column":48},"end":{"line":220,"column":50}}],"line":220},"26":{"loc":{"start":{"line":231,"column":38},"end":{"line":231,"column":47}},"type":"default-arg","locations":[{"start":{"line":231,"column":46},"end":{"line":231,"column":47}}],"line":231},"27":{"loc":{"start":{"line":234,"column":6},"end":{"line":236,"column":7}},"type":"if","locations":[{"start":{"line":234,"column":6},"end":{"line":236,"column":7}},{"start":{},"end":{}}],"line":234},"28":{"loc":{"start":{"line":245,"column":6},"end":{"line":245,"column":49}},"type":"if","locations":[{"start":{"line":245,"column":6},"end":{"line":245,"column":49}},{"start":{},"end":{}}],"line":245}},"s":{"0":1,"1":1,"2":0,"3":0,"4":0,"5":0,"6":0,"7":0,"8":0,"9":0,"10":0,"11":0,"12":0,"13":0,"14":0,"15":0,"16":0,"17":0,"18":0,"19":0,"20":0,"21":0,"22":0,"23":0,"24":0,"25":0,"26":0,"27":0,"28":0,"29":0,"30":2,"31":2,"32":1,"33":1,"34":0,"35":2,"36":1,"37":1,"38":2,"39":2,"40":2,"41":0,"42":2,"43":1,"44":1,"45":2,"46":2,"47":1,"48":1,"49":0,"50":2,"51":1,"52":1,"53":1,"54":0,"55":0,"56":0,"57":0,"58":0,"59":0,"60":0,"61":0,"62":0,"63":2,"64":2,"65":2,"66":1,"67":1,"68":1,"69":1,"70":1,"71":0,"72":0,"73":0,"74":0,"75":0,"76":0,"77":0,"78":2,"79":2,"80":0,"81":2,"82":2,"83":2,"84":1,"85":1,"86":1,"87":0,"88":0,"89":0,"90":2,"91":2,"92":0,"93":0,"94":0,"95":0,"96":0,"97":0,"98":0,"99":0,"100":0,"101":0,"102":0,"103":0,"104":1},"f":{"0":0,"1":0,"2":0,"3":2,"4":2,"5":2,"6":0,"7":2,"8":1,"9":0,"10":2,"11":0,"12":0},"b":{"0":[0],"1":[0],"2":[0,0],"3":[0,0],"4":[0,0],"5":[0,0],"6":[0,0],"7":[0,0],"8":[0,0],"9":[0,0],"10":[0,0],"11":[1,0],"12":[1,1],"13":[1,1],"14":[1,0],"15":[1,1],"16":[1,0],"17":[0,0],"18":[0,0],"19":[1,1],"20":[1,0],"21":[2,0],"22":[1,1],"23":[1,0],"24":[2,0],"25":[0],"26":[0],"27":[0,0],"28":[0,0]},"_coverageSchema":"1a1c01bbd47fc00a2c39e90264f33305004495a9","hash":"659f0e8632d3ce05587bd11a665546ecebbf5634"}
,"C:\\Users\\HP\\OneDrive\\Desktop\\ClayBlossom\\ClayBlossoms\\backend\\utils\\AppError.js": {"path":"C:\\Users\\HP\\OneDrive\\Desktop\\ClayBlossom\\ClayBlossoms\\backend\\utils\\AppError.js","statementMap":{"0":{"start":{"line":3,"column":4},"end":{"line":3,"column":19}},"1":{"start":{"line":4,"column":4},"end":{"line":4,"column":33}},"2":{"start":{"line":5,"column":4},"end":{"line":5,"column":69}},"3":{"start":{"line":6,"column":4},"end":{"line":6,"column":30}},"4":{"start":{"line":8,"column":4},"end":{"line":8,"column":52}},"5":{"start":{"line":12,"column":0},"end":{"line":12,"column":26}}},"fnMap":{"0":{"name":"(anonymous_0)","decl":{"start":{"line":2,"column":2},"end":{"line":2,"column":3}},"loc":{"start":{"line":2,"column":35},"end":{"line":9,"column":3}},"line":2}},"branchMap":{"0":{"loc":{"start":{"line":5,"column":18},"end":{"line":5,"column":68}},"type":"cond-expr","locations":[{"start":{"line":5,"column":52},"end":{"line":5,"column":58}},{"start":{"line":5,"column":61},"end":{"line":5,"column":68}}],"line":5}},"s":{"0":26,"1":26,"2":26,"3":26,"4":26,"5":3},"f":{"0":26},"b":{"0":[21,5]},"_coverageSchema":"1a1c01bbd47fc00a2c39e90264f33305004495a9","hash":"e21539940fe9f20541247db347ece4ad6f227804"}
}
